{"timestamp":"2025-07-11T04:59:38.123188","level":"info","event":"DAG bundles loaded: dags-folder","logger":"airflow.dag_processing.bundles.manager.DagBundlesManager"}
{"timestamp":"2025-07-11T04:59:38.123683","level":"info","event":"Filling up the DagBag from /usr/local/airflow/dags/iowa_liquor_dag.py","logger":"airflow.models.dagbag.DagBag"}
{"timestamp":"2025-07-11T04:59:39.068765","level":"info","event":"TaskInstance Details: ","dag_id":"iowa_liquor_etl_pipeline","task_id":"extract","dagrun_id":"manual__2025-07-11T04:54:25.401038+00:00","map_index":-1,"run_start_date":"2025-07-11T04:59:31.789051Z","try_number":2,"op_classpath":["airflow.providers.standard.operators.python.PythonOperator","airflow.models.baseoperator.BaseOperator"],"logger":"task"}
{"timestamp":"2025-07-11T04:59:42.248975Z","level":"info","event":"saved 50,000 rows → chunk_00000.parquet","chan":"stdout","logger":"task"}
{"timestamp":"2025-07-11T04:59:46.722556Z","level":"info","event":"saved 50,000 rows → chunk_00001.parquet","chan":"stdout","logger":"task"}
{"timestamp":"2025-07-11T04:59:49.906204Z","level":"info","event":"saved 50,000 rows → chunk_00002.parquet","chan":"stdout","logger":"task"}
{"timestamp":"2025-07-11T04:59:53.647475Z","level":"info","event":"saved 50,000 rows → chunk_00003.parquet","chan":"stdout","logger":"task"}
{"timestamp":"2025-07-11T04:59:57.795636Z","level":"info","event":"saved 50,000 rows → chunk_00004.parquet","chan":"stdout","logger":"task"}
{"timestamp":"2025-07-11T05:00:01.809312Z","level":"info","event":"saved 50,000 rows → chunk_00005.parquet","chan":"stdout","logger":"task"}
{"timestamp":"2025-07-11T05:00:07.161279Z","level":"info","event":"saved 50,000 rows → chunk_00006.parquet","chan":"stdout","logger":"task"}
{"timestamp":"2025-07-11T05:00:12.184995Z","level":"info","event":"saved 50,000 rows → chunk_00007.parquet","chan":"stdout","logger":"task"}
{"timestamp":"2025-07-11T05:00:17.977849Z","level":"info","event":"saved 50,000 rows → chunk_00008.parquet","chan":"stdout","logger":"task"}
{"timestamp":"2025-07-11T05:00:24.856200Z","level":"info","event":"saved 50,000 rows → chunk_00009.parquet","chan":"stdout","logger":"task"}
{"timestamp":"2025-07-11T05:00:28.767413Z","level":"info","event":"saved 50,000 rows → chunk_00010.parquet","chan":"stdout","logger":"task"}
{"timestamp":"2025-07-11T05:00:35.255755Z","level":"info","event":"saved 50,000 rows → chunk_00011.parquet","chan":"stdout","logger":"task"}
{"timestamp":"2025-07-11T05:00:38.251624Z","level":"info","event":"saved 50,000 rows → chunk_00012.parquet","chan":"stdout","logger":"task"}
{"timestamp":"2025-07-11T05:00:42.688686Z","level":"info","event":"saved 50,000 rows → chunk_00013.parquet","chan":"stdout","logger":"task"}
{"timestamp":"2025-07-11T05:00:46.874105Z","level":"info","event":"saved 50,000 rows → chunk_00014.parquet","chan":"stdout","logger":"task"}
{"timestamp":"2025-07-11T05:00:52.681272Z","level":"info","event":"saved 50,000 rows → chunk_00015.parquet","chan":"stdout","logger":"task"}
{"timestamp":"2025-07-11T05:00:59.622898Z","level":"info","event":"saved 50,000 rows → chunk_00016.parquet","chan":"stdout","logger":"task"}
{"timestamp":"2025-07-11T05:01:03.394191Z","level":"info","event":"saved 50,000 rows → chunk_00017.parquet","chan":"stdout","logger":"task"}
{"timestamp":"2025-07-11T05:01:06.270325Z","level":"info","event":"saved 50,000 rows → chunk_00018.parquet","chan":"stdout","logger":"task"}
{"timestamp":"2025-07-11T05:01:10.384407Z","level":"info","event":"saved 50,000 rows → chunk_00019.parquet","chan":"stdout","logger":"task"}
{"timestamp":"2025-07-11T05:01:15.241524Z","level":"info","event":"saved 50,000 rows → chunk_00020.parquet","chan":"stdout","logger":"task"}
{"timestamp":"2025-07-11T05:01:18.742081Z","level":"info","event":"saved 50,000 rows → chunk_00021.parquet","chan":"stdout","logger":"task"}
{"timestamp":"2025-07-11T05:01:24.922230Z","level":"info","event":"saved 50,000 rows → chunk_00022.parquet","chan":"stdout","logger":"task"}
{"timestamp":"2025-07-11T05:01:29.981563Z","level":"info","event":"saved 50,000 rows → chunk_00023.parquet","chan":"stdout","logger":"task"}
{"timestamp":"2025-07-11T05:01:37.217952Z","level":"info","event":"saved 50,000 rows → chunk_00024.parquet","chan":"stdout","logger":"task"}
{"timestamp":"2025-07-11T05:01:43.593446Z","level":"info","event":"saved 50,000 rows → chunk_00025.parquet","chan":"stdout","logger":"task"}
{"timestamp":"2025-07-11T05:01:48.306049Z","level":"info","event":"saved 50,000 rows → chunk_00026.parquet","chan":"stdout","logger":"task"}
{"timestamp":"2025-07-11T05:01:53.802012Z","level":"info","event":"saved 50,000 rows → chunk_00027.parquet","chan":"stdout","logger":"task"}
{"timestamp":"2025-07-11T05:02:00.878306Z","level":"info","event":"saved 50,000 rows → chunk_00028.parquet","chan":"stdout","logger":"task"}
{"timestamp":"2025-07-11T05:02:08.683429Z","level":"info","event":"saved 50,000 rows → chunk_00029.parquet","chan":"stdout","logger":"task"}
{"timestamp":"2025-07-11T05:02:17.604197Z","level":"info","event":"saved 50,000 rows → chunk_00030.parquet","chan":"stdout","logger":"task"}
{"timestamp":"2025-07-11T05:02:28.384662Z","level":"info","event":"saved 50,000 rows → chunk_00031.parquet","chan":"stdout","logger":"task"}
{"timestamp":"2025-07-11T05:02:32.153372Z","level":"info","event":"saved 50,000 rows → chunk_00032.parquet","chan":"stdout","logger":"task"}
{"timestamp":"2025-07-11T05:02:36.621298Z","level":"info","event":"saved 50,000 rows → chunk_00033.parquet","chan":"stdout","logger":"task"}
{"timestamp":"2025-07-11T05:02:41.108388Z","level":"info","event":"saved 50,000 rows → chunk_00034.parquet","chan":"stdout","logger":"task"}
{"timestamp":"2025-07-11T05:02:46.349222Z","level":"info","event":"saved 50,000 rows → chunk_00035.parquet","chan":"stdout","logger":"task"}
{"timestamp":"2025-07-11T05:02:50.626341Z","level":"info","event":"saved 50,000 rows → chunk_00036.parquet","chan":"stdout","logger":"task"}
{"timestamp":"2025-07-11T05:02:57.785207Z","level":"info","event":"saved 50,000 rows → chunk_00037.parquet","chan":"stdout","logger":"task"}
{"timestamp":"2025-07-11T05:03:02.339621Z","level":"info","event":"saved 50,000 rows → chunk_00038.parquet","chan":"stdout","logger":"task"}
{"timestamp":"2025-07-11T05:03:09.304031Z","level":"info","event":"saved 50,000 rows → chunk_00039.parquet","chan":"stdout","logger":"task"}
{"timestamp":"2025-07-11T05:03:14.732079Z","level":"info","event":"saved 50,000 rows → chunk_00040.parquet","chan":"stdout","logger":"task"}
{"timestamp":"2025-07-11T05:03:20.602831Z","level":"info","event":"saved 50,000 rows → chunk_00041.parquet","chan":"stdout","logger":"task"}
{"timestamp":"2025-07-11T05:03:26.274376Z","level":"info","event":"saved 50,000 rows → chunk_00042.parquet","chan":"stdout","logger":"task"}
{"timestamp":"2025-07-11T05:03:30.125470Z","level":"info","event":"saved 50,000 rows → chunk_00043.parquet","chan":"stdout","logger":"task"}
{"timestamp":"2025-07-11T05:03:34.737921Z","level":"info","event":"saved 50,000 rows → chunk_00044.parquet","chan":"stdout","logger":"task"}
{"timestamp":"2025-07-11T05:03:39.732592Z","level":"info","event":"saved 50,000 rows → chunk_00045.parquet","chan":"stdout","logger":"task"}
{"timestamp":"2025-07-11T05:03:45.528410Z","level":"info","event":"saved 50,000 rows → chunk_00046.parquet","chan":"stdout","logger":"task"}
{"timestamp":"2025-07-11T05:03:50.594042Z","level":"info","event":"saved 50,000 rows → chunk_00047.parquet","chan":"stdout","logger":"task"}
{"timestamp":"2025-07-11T05:03:54.115337Z","level":"info","event":"saved 50,000 rows → chunk_00048.parquet","chan":"stdout","logger":"task"}
{"timestamp":"2025-07-11T05:04:02.730171Z","level":"info","event":"saved 50,000 rows → chunk_00049.parquet","chan":"stdout","logger":"task"}
{"timestamp":"2025-07-11T05:04:08.054783Z","level":"info","event":"saved 50,000 rows → chunk_00050.parquet","chan":"stdout","logger":"task"}
{"timestamp":"2025-07-11T05:04:15.311934Z","level":"info","event":"saved 50,000 rows → chunk_00051.parquet","chan":"stdout","logger":"task"}
{"timestamp":"2025-07-11T05:04:20.253600Z","level":"info","event":"saved 50,000 rows → chunk_00052.parquet","chan":"stdout","logger":"task"}
{"timestamp":"2025-07-11T05:04:30.535335Z","level":"info","event":"saved 50,000 rows → chunk_00053.parquet","chan":"stdout","logger":"task"}
{"timestamp":"2025-07-11T05:04:36.413634Z","level":"info","event":"saved 50,000 rows → chunk_00054.parquet","chan":"stdout","logger":"task"}
{"timestamp":"2025-07-11T05:04:42.443600Z","level":"info","event":"saved 50,000 rows → chunk_00055.parquet","chan":"stdout","logger":"task"}
{"timestamp":"2025-07-11T05:04:55.465228Z","level":"info","event":"saved 50,000 rows → chunk_00056.parquet","chan":"stdout","logger":"task"}
{"timestamp":"2025-07-11T05:05:02.523643Z","level":"info","event":"saved 50,000 rows → chunk_00057.parquet","chan":"stdout","logger":"task"}
{"timestamp":"2025-07-11T05:05:09.891407Z","level":"info","event":"saved 50,000 rows → chunk_00058.parquet","chan":"stdout","logger":"task"}
{"timestamp":"2025-07-11T05:05:17.159361Z","level":"info","event":"saved 50,000 rows → chunk_00059.parquet","chan":"stdout","logger":"task"}
{"timestamp":"2025-07-11T05:05:25.575103Z","level":"info","event":"saved 50,000 rows → chunk_00060.parquet","chan":"stdout","logger":"task"}
{"timestamp":"2025-07-11T05:05:31.448897Z","level":"info","event":"saved 50,000 rows → chunk_00061.parquet","chan":"stdout","logger":"task"}
{"timestamp":"2025-07-11T05:05:38.290446Z","level":"info","event":"saved 50,000 rows → chunk_00062.parquet","chan":"stdout","logger":"task"}
{"timestamp":"2025-07-11T05:05:45.401918Z","level":"info","event":"saved 50,000 rows → chunk_00063.parquet","chan":"stdout","logger":"task"}
{"timestamp":"2025-07-11T05:05:52.253448Z","level":"info","event":"saved 50,000 rows → chunk_00064.parquet","chan":"stdout","logger":"task"}
{"timestamp":"2025-07-11T05:05:59.978834Z","level":"info","event":"saved 50,000 rows → chunk_00065.parquet","chan":"stdout","logger":"task"}
{"timestamp":"2025-07-11T05:06:09.253075Z","level":"info","event":"saved 50,000 rows → chunk_00066.parquet","chan":"stdout","logger":"task"}
{"timestamp":"2025-07-11T05:06:16.321812Z","level":"info","event":"saved 50,000 rows → chunk_00067.parquet","chan":"stdout","logger":"task"}
{"timestamp":"2025-07-11T05:06:25.709290Z","level":"info","event":"saved 50,000 rows → chunk_00068.parquet","chan":"stdout","logger":"task"}
{"timestamp":"2025-07-11T05:06:36.007304Z","level":"info","event":"saved 50,000 rows → chunk_00069.parquet","chan":"stdout","logger":"task"}
{"timestamp":"2025-07-11T05:06:44.129707Z","level":"info","event":"saved 50,000 rows → chunk_00070.parquet","chan":"stdout","logger":"task"}
{"timestamp":"2025-07-11T05:06:50.315854Z","level":"info","event":"saved 50,000 rows → chunk_00071.parquet","chan":"stdout","logger":"task"}
{"timestamp":"2025-07-11T05:07:00.980680Z","level":"info","event":"saved 50,000 rows → chunk_00072.parquet","chan":"stdout","logger":"task"}
{"timestamp":"2025-07-11T05:07:08.875697Z","level":"info","event":"saved 50,000 rows → chunk_00073.parquet","chan":"stdout","logger":"task"}
{"timestamp":"2025-07-11T05:07:14.285545Z","level":"info","event":"saved 50,000 rows → chunk_00074.parquet","chan":"stdout","logger":"task"}
{"timestamp":"2025-07-11T05:07:27.378215Z","level":"info","event":"saved 50,000 rows → chunk_00075.parquet","chan":"stdout","logger":"task"}
{"timestamp":"2025-07-11T05:07:36.269260Z","level":"info","event":"saved 50,000 rows → chunk_00076.parquet","chan":"stdout","logger":"task"}
{"timestamp":"2025-07-11T05:07:42.744488Z","level":"info","event":"saved 50,000 rows → chunk_00077.parquet","chan":"stdout","logger":"task"}
{"timestamp":"2025-07-11T05:07:52.604240Z","level":"info","event":"saved 50,000 rows → chunk_00078.parquet","chan":"stdout","logger":"task"}
{"timestamp":"2025-07-11T05:08:00.745659Z","level":"info","event":"saved 50,000 rows → chunk_00079.parquet","chan":"stdout","logger":"task"}
{"timestamp":"2025-07-11T05:08:10.701165Z","level":"info","event":"saved 50,000 rows → chunk_00080.parquet","chan":"stdout","logger":"task"}
{"timestamp":"2025-07-11T05:08:16.393321Z","level":"info","event":"saved 50,000 rows → chunk_00081.parquet","chan":"stdout","logger":"task"}
{"timestamp":"2025-07-11T05:08:21.666451Z","level":"info","event":"saved 50,000 rows → chunk_00082.parquet","chan":"stdout","logger":"task"}
{"timestamp":"2025-07-11T05:08:30.817667Z","level":"info","event":"saved 50,000 rows → chunk_00083.parquet","chan":"stdout","logger":"task"}
{"timestamp":"2025-07-11T05:08:35.778696Z","level":"info","event":"saved 50,000 rows → chunk_00084.parquet","chan":"stdout","logger":"task"}
{"timestamp":"2025-07-11T05:08:41.382005Z","level":"info","event":"saved 50,000 rows → chunk_00085.parquet","chan":"stdout","logger":"task"}
{"timestamp":"2025-07-11T05:08:46.451720Z","level":"info","event":"saved 50,000 rows → chunk_00086.parquet","chan":"stdout","logger":"task"}
{"timestamp":"2025-07-11T05:08:52.207106Z","level":"info","event":"saved 50,000 rows → chunk_00087.parquet","chan":"stdout","logger":"task"}
{"timestamp":"2025-07-11T05:08:57.266125Z","level":"info","event":"saved 50,000 rows → chunk_00088.parquet","chan":"stdout","logger":"task"}
{"timestamp":"2025-07-11T05:09:06.241940Z","level":"info","event":"saved 50,000 rows → chunk_00089.parquet","chan":"stdout","logger":"task"}
{"timestamp":"2025-07-11T05:09:13.878961Z","level":"info","event":"saved 50,000 rows → chunk_00090.parquet","chan":"stdout","logger":"task"}
{"timestamp":"2025-07-11T05:09:37.930210Z","level":"info","event":"saved 50,000 rows → chunk_00091.parquet","chan":"stdout","logger":"task"}
{"timestamp":"2025-07-11T05:09:51.310386Z","level":"info","event":"saved 50,000 rows → chunk_00092.parquet","chan":"stdout","logger":"task"}
{"timestamp":"2025-07-11T05:10:02.405859Z","level":"info","event":"saved 50,000 rows → chunk_00093.parquet","chan":"stdout","logger":"task"}
{"timestamp":"2025-07-11T05:10:11.275413Z","level":"info","event":"saved 50,000 rows → chunk_00094.parquet","chan":"stdout","logger":"task"}
{"timestamp":"2025-07-11T05:10:17.866479Z","level":"info","event":"saved 50,000 rows → chunk_00095.parquet","chan":"stdout","logger":"task"}
{"timestamp":"2025-07-11T05:10:30.984020Z","level":"info","event":"saved 50,000 rows → chunk_00096.parquet","chan":"stdout","logger":"task"}
{"timestamp":"2025-07-11T05:10:43.292513Z","level":"info","event":"saved 50,000 rows → chunk_00097.parquet","chan":"stdout","logger":"task"}
{"timestamp":"2025-07-11T05:10:55.981315Z","level":"info","event":"saved 50,000 rows → chunk_00098.parquet","chan":"stdout","logger":"task"}
{"timestamp":"2025-07-11T05:11:09.227482Z","level":"info","event":"saved 50,000 rows → chunk_00099.parquet","chan":"stdout","logger":"task"}
{"timestamp":"2025-07-11T05:11:19.518504Z","level":"info","event":"saved 50,000 rows → chunk_00100.parquet","chan":"stdout","logger":"task"}
{"timestamp":"2025-07-11T05:11:39.941314Z","level":"info","event":"saved 50,000 rows → chunk_00101.parquet","chan":"stdout","logger":"task"}
{"timestamp":"2025-07-11T05:11:54.175497Z","level":"info","event":"saved 50,000 rows → chunk_00102.parquet","chan":"stdout","logger":"task"}
{"timestamp":"2025-07-11T05:12:02.518183Z","level":"info","event":"saved 50,000 rows → chunk_00103.parquet","chan":"stdout","logger":"task"}
{"timestamp":"2025-07-11T05:12:08.389033Z","level":"info","event":"saved 50,000 rows → chunk_00104.parquet","chan":"stdout","logger":"task"}
{"timestamp":"2025-07-11T05:12:15.309055Z","level":"info","event":"saved 50,000 rows → chunk_00105.parquet","chan":"stdout","logger":"task"}
{"timestamp":"2025-07-11T05:12:21.443435Z","level":"info","event":"saved 50,000 rows → chunk_00106.parquet","chan":"stdout","logger":"task"}
{"timestamp":"2025-07-11T05:12:27.689296Z","level":"info","event":"saved 50,000 rows → chunk_00107.parquet","chan":"stdout","logger":"task"}
{"timestamp":"2025-07-11T05:12:34.508481Z","level":"info","event":"saved 50,000 rows → chunk_00108.parquet","chan":"stdout","logger":"task"}
{"timestamp":"2025-07-11T05:12:41.213920Z","level":"info","event":"saved 50,000 rows → chunk_00109.parquet","chan":"stdout","logger":"task"}
{"timestamp":"2025-07-11T05:12:49.320968Z","level":"info","event":"saved 50,000 rows → chunk_00110.parquet","chan":"stdout","logger":"task"}
{"timestamp":"2025-07-11T05:12:57.131432Z","level":"info","event":"saved 50,000 rows → chunk_00111.parquet","chan":"stdout","logger":"task"}
{"timestamp":"2025-07-11T05:13:09.780155Z","level":"info","event":"saved 50,000 rows → chunk_00112.parquet","chan":"stdout","logger":"task"}
{"timestamp":"2025-07-11T05:13:18.614981Z","level":"info","event":"saved 50,000 rows → chunk_00113.parquet","chan":"stdout","logger":"task"}
{"timestamp":"2025-07-11T05:13:27.597562Z","level":"info","event":"saved 50,000 rows → chunk_00114.parquet","chan":"stdout","logger":"task"}
{"timestamp":"2025-07-11T05:13:33.952384Z","level":"info","event":"saved 50,000 rows → chunk_00115.parquet","chan":"stdout","logger":"task"}
{"timestamp":"2025-07-11T05:14:00.586537Z","level":"info","event":"saved 50,000 rows → chunk_00116.parquet","chan":"stdout","logger":"task"}
{"timestamp":"2025-07-11T05:14:09.308678Z","level":"info","event":"saved 50,000 rows → chunk_00117.parquet","chan":"stdout","logger":"task"}
{"timestamp":"2025-07-11T05:14:15.963827Z","level":"info","event":"saved 50,000 rows → chunk_00118.parquet","chan":"stdout","logger":"task"}
{"timestamp":"2025-07-11T05:14:23.085889Z","level":"info","event":"saved 50,000 rows → chunk_00119.parquet","chan":"stdout","logger":"task"}
{"timestamp":"2025-07-11T05:14:34.901148Z","level":"info","event":"saved 50,000 rows → chunk_00120.parquet","chan":"stdout","logger":"task"}
{"timestamp":"2025-07-11T05:14:44.084668Z","level":"info","event":"saved 50,000 rows → chunk_00121.parquet","chan":"stdout","logger":"task"}
{"timestamp":"2025-07-11T05:14:59.273778Z","level":"info","event":"saved 50,000 rows → chunk_00122.parquet","chan":"stdout","logger":"task"}
{"timestamp":"2025-07-11T05:15:08.677541Z","level":"info","event":"saved 50,000 rows → chunk_00123.parquet","chan":"stdout","logger":"task"}
{"timestamp":"2025-07-11T05:15:19.644051Z","level":"info","event":"saved 50,000 rows → chunk_00124.parquet","chan":"stdout","logger":"task"}
{"timestamp":"2025-07-11T05:15:32.808789Z","level":"info","event":"saved 50,000 rows → chunk_00125.parquet","chan":"stdout","logger":"task"}
{"timestamp":"2025-07-11T05:15:45.667962Z","level":"info","event":"saved 50,000 rows → chunk_00126.parquet","chan":"stdout","logger":"task"}
{"timestamp":"2025-07-11T05:16:01.019757Z","level":"info","event":"saved 50,000 rows → chunk_00127.parquet","chan":"stdout","logger":"task"}
{"timestamp":"2025-07-11T05:16:07.199250Z","level":"info","event":"saved 50,000 rows → chunk_00128.parquet","chan":"stdout","logger":"task"}
{"timestamp":"2025-07-11T05:16:13.588774Z","level":"info","event":"saved 50,000 rows → chunk_00129.parquet","chan":"stdout","logger":"task"}
{"timestamp":"2025-07-11T05:16:33.164682Z","level":"info","event":"saved 50,000 rows → chunk_00130.parquet","chan":"stdout","logger":"task"}
{"timestamp":"2025-07-11T05:16:40.446416Z","level":"info","event":"saved 50,000 rows → chunk_00131.parquet","chan":"stdout","logger":"task"}
{"timestamp":"2025-07-11T05:16:50.190118Z","level":"info","event":"saved 50,000 rows → chunk_00132.parquet","chan":"stdout","logger":"task"}
{"timestamp":"2025-07-11T05:16:57.611182Z","level":"info","event":"saved 50,000 rows → chunk_00133.parquet","chan":"stdout","logger":"task"}
{"timestamp":"2025-07-11T05:17:16.154684Z","level":"info","event":"saved 50,000 rows → chunk_00134.parquet","chan":"stdout","logger":"task"}
{"timestamp":"2025-07-11T05:17:34.228946Z","level":"info","event":"saved 50,000 rows → chunk_00135.parquet","chan":"stdout","logger":"task"}
{"timestamp":"2025-07-11T05:17:45.478551Z","level":"info","event":"saved 50,000 rows → chunk_00136.parquet","chan":"stdout","logger":"task"}
{"timestamp":"2025-07-11T05:17:53.187096Z","level":"info","event":"saved 50,000 rows → chunk_00137.parquet","chan":"stdout","logger":"task"}
{"timestamp":"2025-07-11T05:18:00.545989Z","level":"info","event":"saved 50,000 rows → chunk_00138.parquet","chan":"stdout","logger":"task"}
{"timestamp":"2025-07-11T05:18:07.301771Z","level":"info","event":"saved 50,000 rows → chunk_00139.parquet","chan":"stdout","logger":"task"}
{"timestamp":"2025-07-11T05:18:17.495937Z","level":"info","event":"saved 50,000 rows → chunk_00140.parquet","chan":"stdout","logger":"task"}
{"timestamp":"2025-07-11T05:18:26.402147Z","level":"info","event":"saved 50,000 rows → chunk_00141.parquet","chan":"stdout","logger":"task"}
{"timestamp":"2025-07-11T05:18:36.869237Z","level":"info","event":"saved 50,000 rows → chunk_00142.parquet","chan":"stdout","logger":"task"}
{"timestamp":"2025-07-11T05:18:43.570683Z","level":"info","event":"saved 50,000 rows → chunk_00143.parquet","chan":"stdout","logger":"task"}
{"timestamp":"2025-07-11T05:18:52.799880Z","level":"info","event":"saved 50,000 rows → chunk_00144.parquet","chan":"stdout","logger":"task"}
{"timestamp":"2025-07-11T05:19:00.928485Z","level":"info","event":"saved 50,000 rows → chunk_00145.parquet","chan":"stdout","logger":"task"}
{"timestamp":"2025-07-11T05:19:07.274670Z","level":"info","event":"saved 50,000 rows → chunk_00146.parquet","chan":"stdout","logger":"task"}
{"timestamp":"2025-07-11T05:19:14.050950Z","level":"info","event":"saved 50,000 rows → chunk_00147.parquet","chan":"stdout","logger":"task"}
{"timestamp":"2025-07-11T05:19:20.663476Z","level":"info","event":"saved 50,000 rows → chunk_00148.parquet","chan":"stdout","logger":"task"}
{"timestamp":"2025-07-11T05:19:27.146728Z","level":"info","event":"saved 50,000 rows → chunk_00149.parquet","chan":"stdout","logger":"task"}
{"timestamp":"2025-07-11T05:19:35.403005Z","level":"info","event":"saved 50,000 rows → chunk_00150.parquet","chan":"stdout","logger":"task"}
{"timestamp":"2025-07-11T05:19:42.844070Z","level":"info","event":"saved 50,000 rows → chunk_00151.parquet","chan":"stdout","logger":"task"}
{"timestamp":"2025-07-11T05:19:49.932190Z","level":"info","event":"saved 50,000 rows → chunk_00152.parquet","chan":"stdout","logger":"task"}
{"timestamp":"2025-07-11T05:19:56.599184Z","level":"info","event":"saved 50,000 rows → chunk_00153.parquet","chan":"stdout","logger":"task"}
{"timestamp":"2025-07-11T05:20:03.538788Z","level":"info","event":"saved 50,000 rows → chunk_00154.parquet","chan":"stdout","logger":"task"}
{"timestamp":"2025-07-11T05:20:10.788059Z","level":"info","event":"saved 50,000 rows → chunk_00155.parquet","chan":"stdout","logger":"task"}
{"timestamp":"2025-07-11T05:20:18.314712Z","level":"info","event":"saved 50,000 rows → chunk_00156.parquet","chan":"stdout","logger":"task"}
{"timestamp":"2025-07-11T05:20:25.553292Z","level":"info","event":"saved 50,000 rows → chunk_00157.parquet","chan":"stdout","logger":"task"}
{"timestamp":"2025-07-11T05:20:32.900775Z","level":"info","event":"saved 50,000 rows → chunk_00158.parquet","chan":"stdout","logger":"task"}
{"timestamp":"2025-07-11T05:20:44.136088Z","level":"info","event":"saved 50,000 rows → chunk_00159.parquet","chan":"stdout","logger":"task"}
{"timestamp":"2025-07-11T05:20:56.649721Z","level":"info","event":"saved 50,000 rows → chunk_00160.parquet","chan":"stdout","logger":"task"}
{"timestamp":"2025-07-11T05:21:04.440889Z","level":"info","event":"saved 50,000 rows → chunk_00161.parquet","chan":"stdout","logger":"task"}
{"timestamp":"2025-07-11T05:21:12.314876Z","level":"info","event":"saved 50,000 rows → chunk_00162.parquet","chan":"stdout","logger":"task"}
{"timestamp":"2025-07-11T05:21:20.954952Z","level":"info","event":"saved 50,000 rows → chunk_00163.parquet","chan":"stdout","logger":"task"}
{"timestamp":"2025-07-11T05:21:28.545909Z","level":"info","event":"saved 50,000 rows → chunk_00164.parquet","chan":"stdout","logger":"task"}
{"timestamp":"2025-07-11T05:21:36.123105Z","level":"info","event":"saved 50,000 rows → chunk_00165.parquet","chan":"stdout","logger":"task"}
{"timestamp":"2025-07-11T05:21:43.494024Z","level":"info","event":"saved 50,000 rows → chunk_00166.parquet","chan":"stdout","logger":"task"}
{"timestamp":"2025-07-11T05:21:50.499614Z","level":"info","event":"saved 50,000 rows → chunk_00167.parquet","chan":"stdout","logger":"task"}
{"timestamp":"2025-07-11T05:21:57.466874Z","level":"info","event":"saved 50,000 rows → chunk_00168.parquet","chan":"stdout","logger":"task"}
{"timestamp":"2025-07-11T05:22:04.665437Z","level":"info","event":"saved 50,000 rows → chunk_00169.parquet","chan":"stdout","logger":"task"}
{"timestamp":"2025-07-11T05:22:12.529757Z","level":"info","event":"saved 50,000 rows → chunk_00170.parquet","chan":"stdout","logger":"task"}
{"timestamp":"2025-07-11T05:22:21.826365Z","level":"info","event":"saved 50,000 rows → chunk_00171.parquet","chan":"stdout","logger":"task"}
{"timestamp":"2025-07-11T05:22:28.971497Z","level":"info","event":"saved 50,000 rows → chunk_00172.parquet","chan":"stdout","logger":"task"}
{"timestamp":"2025-07-11T05:22:39.882546Z","level":"info","event":"saved 50,000 rows → chunk_00173.parquet","chan":"stdout","logger":"task"}
{"timestamp":"2025-07-11T05:22:47.905195Z","level":"info","event":"saved 50,000 rows → chunk_00174.parquet","chan":"stdout","logger":"task"}
{"timestamp":"2025-07-11T05:22:55.413608Z","level":"info","event":"saved 50,000 rows → chunk_00175.parquet","chan":"stdout","logger":"task"}
{"timestamp":"2025-07-11T05:23:02.314735Z","level":"info","event":"saved 50,000 rows → chunk_00176.parquet","chan":"stdout","logger":"task"}
{"timestamp":"2025-07-11T05:23:10.914359Z","level":"info","event":"saved 50,000 rows → chunk_00177.parquet","chan":"stdout","logger":"task"}
{"timestamp":"2025-07-11T05:23:20.632566Z","level":"info","event":"saved 50,000 rows → chunk_00178.parquet","chan":"stdout","logger":"task"}
{"timestamp":"2025-07-11T05:23:31.913809Z","level":"info","event":"saved 50,000 rows → chunk_00179.parquet","chan":"stdout","logger":"task"}
{"timestamp":"2025-07-11T05:23:39.409596Z","level":"info","event":"saved 50,000 rows → chunk_00180.parquet","chan":"stdout","logger":"task"}
{"timestamp":"2025-07-11T05:23:50.029885Z","level":"info","event":"saved 50,000 rows → chunk_00181.parquet","chan":"stdout","logger":"task"}
{"timestamp":"2025-07-11T05:23:57.114244Z","level":"info","event":"saved 50,000 rows → chunk_00182.parquet","chan":"stdout","logger":"task"}
{"timestamp":"2025-07-11T05:24:06.322376Z","level":"info","event":"saved 50,000 rows → chunk_00183.parquet","chan":"stdout","logger":"task"}
{"timestamp":"2025-07-11T05:24:14.893896Z","level":"info","event":"saved 50,000 rows → chunk_00184.parquet","chan":"stdout","logger":"task"}
{"timestamp":"2025-07-11T05:24:23.563504Z","level":"info","event":"saved 50,000 rows → chunk_00185.parquet","chan":"stdout","logger":"task"}
{"timestamp":"2025-07-11T05:24:36.958382Z","level":"info","event":"saved 50,000 rows → chunk_00186.parquet","chan":"stdout","logger":"task"}
{"timestamp":"2025-07-11T05:24:45.718241Z","level":"info","event":"saved 50,000 rows → chunk_00187.parquet","chan":"stdout","logger":"task"}
{"timestamp":"2025-07-11T05:24:57.073879Z","level":"info","event":"saved 50,000 rows → chunk_00188.parquet","chan":"stdout","logger":"task"}
{"timestamp":"2025-07-11T05:25:04.416414Z","level":"info","event":"saved 50,000 rows → chunk_00189.parquet","chan":"stdout","logger":"task"}
{"timestamp":"2025-07-11T05:25:17.666885Z","level":"info","event":"saved 50,000 rows → chunk_00190.parquet","chan":"stdout","logger":"task"}
{"timestamp":"2025-07-11T05:25:26.957378Z","level":"info","event":"saved 50,000 rows → chunk_00191.parquet","chan":"stdout","logger":"task"}
{"timestamp":"2025-07-11T05:25:35.150727Z","level":"info","event":"saved 50,000 rows → chunk_00192.parquet","chan":"stdout","logger":"task"}
{"timestamp":"2025-07-11T05:25:47.281950Z","level":"info","event":"saved 50,000 rows → chunk_00193.parquet","chan":"stdout","logger":"task"}
{"timestamp":"2025-07-11T05:25:57.427040Z","level":"info","event":"saved 50,000 rows → chunk_00194.parquet","chan":"stdout","logger":"task"}
{"timestamp":"2025-07-11T05:26:12.718941Z","level":"info","event":"saved 50,000 rows → chunk_00195.parquet","chan":"stdout","logger":"task"}
{"timestamp":"2025-07-11T05:26:27.253578Z","level":"info","event":"saved 50,000 rows → chunk_00196.parquet","chan":"stdout","logger":"task"}
{"timestamp":"2025-07-11T05:26:39.097173Z","level":"info","event":"saved 50,000 rows → chunk_00197.parquet","chan":"stdout","logger":"task"}
{"timestamp":"2025-07-11T05:26:51.102987Z","level":"info","event":"saved 50,000 rows → chunk_00198.parquet","chan":"stdout","logger":"task"}
{"timestamp":"2025-07-11T05:26:59.764922Z","level":"info","event":"saved 50,000 rows → chunk_00199.parquet","chan":"stdout","logger":"task"}
{"timestamp":"2025-07-11T05:27:09.127600Z","level":"info","event":"saved 50,000 rows → chunk_00200.parquet","chan":"stdout","logger":"task"}
{"timestamp":"2025-07-11T05:27:18.135439Z","level":"info","event":"saved 50,000 rows → chunk_00201.parquet","chan":"stdout","logger":"task"}
{"timestamp":"2025-07-11T05:27:27.183449Z","level":"info","event":"saved 50,000 rows → chunk_00202.parquet","chan":"stdout","logger":"task"}
{"timestamp":"2025-07-11T05:27:37.093901Z","level":"info","event":"saved 50,000 rows → chunk_00203.parquet","chan":"stdout","logger":"task"}
{"timestamp":"2025-07-11T05:27:45.428302Z","level":"info","event":"saved 50,000 rows → chunk_00204.parquet","chan":"stdout","logger":"task"}
{"timestamp":"2025-07-11T05:27:56.753344Z","level":"info","event":"saved 50,000 rows → chunk_00205.parquet","chan":"stdout","logger":"task"}
{"timestamp":"2025-07-11T05:28:08.141807Z","level":"info","event":"saved 50,000 rows → chunk_00206.parquet","chan":"stdout","logger":"task"}
{"timestamp":"2025-07-11T05:28:18.646306Z","level":"info","event":"saved 50,000 rows → chunk_00207.parquet","chan":"stdout","logger":"task"}
{"timestamp":"2025-07-11T05:28:31.413882Z","level":"info","event":"saved 50,000 rows → chunk_00208.parquet","chan":"stdout","logger":"task"}
{"timestamp":"2025-07-11T05:28:44.174242Z","level":"info","event":"saved 50,000 rows → chunk_00209.parquet","chan":"stdout","logger":"task"}
{"timestamp":"2025-07-11T05:28:56.598130Z","level":"info","event":"saved 50,000 rows → chunk_00210.parquet","chan":"stdout","logger":"task"}
{"timestamp":"2025-07-11T05:29:11.930360Z","level":"info","event":"saved 50,000 rows → chunk_00211.parquet","chan":"stdout","logger":"task"}
{"timestamp":"2025-07-11T05:29:21.008576Z","level":"info","event":"saved 50,000 rows → chunk_00212.parquet","chan":"stdout","logger":"task"}
{"timestamp":"2025-07-11T05:29:34.300365Z","level":"info","event":"saved 50,000 rows → chunk_00213.parquet","chan":"stdout","logger":"task"}
{"timestamp":"2025-07-11T05:29:42.610683Z","level":"info","event":"saved 50,000 rows → chunk_00214.parquet","chan":"stdout","logger":"task"}
{"timestamp":"2025-07-11T05:29:53.432560Z","level":"info","event":"saved 50,000 rows → chunk_00215.parquet","chan":"stdout","logger":"task"}
{"timestamp":"2025-07-11T05:30:00.875083Z","level":"info","event":"saved 50,000 rows → chunk_00216.parquet","chan":"stdout","logger":"task"}
{"timestamp":"2025-07-11T05:30:09.257931Z","level":"info","event":"saved 50,000 rows → chunk_00217.parquet","chan":"stdout","logger":"task"}
{"timestamp":"2025-07-11T05:30:17.834093Z","level":"info","event":"saved 50,000 rows → chunk_00218.parquet","chan":"stdout","logger":"task"}
{"timestamp":"2025-07-11T05:30:28.556997Z","level":"info","event":"saved 50,000 rows → chunk_00219.parquet","chan":"stdout","logger":"task"}
{"timestamp":"2025-07-11T05:30:36.816004Z","level":"info","event":"saved 50,000 rows → chunk_00220.parquet","chan":"stdout","logger":"task"}
{"timestamp":"2025-07-11T05:30:52.688971Z","level":"info","event":"saved 50,000 rows → chunk_00221.parquet","chan":"stdout","logger":"task"}
{"timestamp":"2025-07-11T05:31:02.273438Z","level":"info","event":"saved 50,000 rows → chunk_00222.parquet","chan":"stdout","logger":"task"}
{"timestamp":"2025-07-11T05:31:14.597554Z","level":"info","event":"saved 50,000 rows → chunk_00223.parquet","chan":"stdout","logger":"task"}
{"timestamp":"2025-07-11T05:31:23.861894Z","level":"info","event":"saved 50,000 rows → chunk_00224.parquet","chan":"stdout","logger":"task"}
{"timestamp":"2025-07-11T05:31:34.608355Z","level":"info","event":"saved 50,000 rows → chunk_00225.parquet","chan":"stdout","logger":"task"}
{"timestamp":"2025-07-11T05:31:44.018736Z","level":"info","event":"saved 50,000 rows → chunk_00226.parquet","chan":"stdout","logger":"task"}
{"timestamp":"2025-07-11T05:31:54.810484Z","level":"info","event":"saved 50,000 rows → chunk_00227.parquet","chan":"stdout","logger":"task"}
{"timestamp":"2025-07-11T05:32:03.441657Z","level":"info","event":"saved 50,000 rows → chunk_00228.parquet","chan":"stdout","logger":"task"}
{"timestamp":"2025-07-11T05:32:13.924682Z","level":"info","event":"saved 50,000 rows → chunk_00229.parquet","chan":"stdout","logger":"task"}
{"timestamp":"2025-07-11T05:32:22.462507Z","level":"info","event":"saved 50,000 rows → chunk_00230.parquet","chan":"stdout","logger":"task"}
{"timestamp":"2025-07-11T05:32:31.159982Z","level":"info","event":"saved 50,000 rows → chunk_00231.parquet","chan":"stdout","logger":"task"}
{"timestamp":"2025-07-11T05:32:42.945155Z","level":"info","event":"saved 50,000 rows → chunk_00232.parquet","chan":"stdout","logger":"task"}
{"timestamp":"2025-07-11T05:32:54.789685Z","level":"info","event":"saved 50,000 rows → chunk_00233.parquet","chan":"stdout","logger":"task"}
{"timestamp":"2025-07-11T05:33:06.554173Z","level":"info","event":"saved 50,000 rows → chunk_00234.parquet","chan":"stdout","logger":"task"}
{"timestamp":"2025-07-11T05:33:15.556847Z","level":"info","event":"saved 50,000 rows → chunk_00235.parquet","chan":"stdout","logger":"task"}
{"timestamp":"2025-07-11T05:33:26.251413Z","level":"info","event":"saved 50,000 rows → chunk_00236.parquet","chan":"stdout","logger":"task"}
{"timestamp":"2025-07-11T05:33:34.576233Z","level":"info","event":"saved 50,000 rows → chunk_00237.parquet","chan":"stdout","logger":"task"}
{"timestamp":"2025-07-11T05:33:44.567346Z","level":"info","event":"saved 50,000 rows → chunk_00238.parquet","chan":"stdout","logger":"task"}
{"timestamp":"2025-07-11T05:33:54.818571Z","level":"info","event":"saved 50,000 rows → chunk_00239.parquet","chan":"stdout","logger":"task"}
{"timestamp":"2025-07-11T05:34:03.801488Z","level":"info","event":"saved 50,000 rows → chunk_00240.parquet","chan":"stdout","logger":"task"}
{"timestamp":"2025-07-11T05:34:13.885652Z","level":"info","event":"saved 50,000 rows → chunk_00241.parquet","chan":"stdout","logger":"task"}
{"timestamp":"2025-07-11T05:34:23.954297Z","level":"info","event":"saved 50,000 rows → chunk_00242.parquet","chan":"stdout","logger":"task"}
{"timestamp":"2025-07-11T05:34:32.825687Z","level":"info","event":"saved 50,000 rows → chunk_00243.parquet","chan":"stdout","logger":"task"}
{"timestamp":"2025-07-11T05:34:49.051225Z","level":"info","event":"saved 50,000 rows → chunk_00244.parquet","chan":"stdout","logger":"task"}
{"timestamp":"2025-07-11T05:35:07.809861Z","level":"info","event":"saved 50,000 rows → chunk_00245.parquet","chan":"stdout","logger":"task"}
{"timestamp":"2025-07-11T05:35:19.447323Z","level":"info","event":"saved 50,000 rows → chunk_00246.parquet","chan":"stdout","logger":"task"}
{"timestamp":"2025-07-11T05:35:30.217564Z","level":"info","event":"saved 50,000 rows → chunk_00247.parquet","chan":"stdout","logger":"task"}
{"timestamp":"2025-07-11T05:35:42.747021Z","level":"info","event":"saved 50,000 rows → chunk_00248.parquet","chan":"stdout","logger":"task"}
{"timestamp":"2025-07-11T05:35:51.319232Z","level":"info","event":"saved 50,000 rows → chunk_00249.parquet","chan":"stdout","logger":"task"}
{"timestamp":"2025-07-11T05:36:00.629030Z","level":"info","event":"saved 50,000 rows → chunk_00250.parquet","chan":"stdout","logger":"task"}
{"timestamp":"2025-07-11T05:36:10.011107Z","level":"info","event":"saved 50,000 rows → chunk_00251.parquet","chan":"stdout","logger":"task"}
{"timestamp":"2025-07-11T05:36:20.156756Z","level":"info","event":"saved 50,000 rows → chunk_00252.parquet","chan":"stdout","logger":"task"}
{"timestamp":"2025-07-11T05:36:31.294812Z","level":"info","event":"saved 50,000 rows → chunk_00253.parquet","chan":"stdout","logger":"task"}
{"timestamp":"2025-07-11T05:36:43.439750Z","level":"info","event":"saved 50,000 rows → chunk_00254.parquet","chan":"stdout","logger":"task"}
{"timestamp":"2025-07-11T05:36:58.961347Z","level":"info","event":"saved 50,000 rows → chunk_00255.parquet","chan":"stdout","logger":"task"}
{"timestamp":"2025-07-11T05:37:10.734832Z","level":"info","event":"saved 50,000 rows → chunk_00256.parquet","chan":"stdout","logger":"task"}
{"timestamp":"2025-07-11T05:37:22.429887Z","level":"info","event":"saved 50,000 rows → chunk_00257.parquet","chan":"stdout","logger":"task"}
{"timestamp":"2025-07-11T05:37:34.061274Z","level":"info","event":"saved 50,000 rows → chunk_00258.parquet","chan":"stdout","logger":"task"}
{"timestamp":"2025-07-11T05:37:43.386475Z","level":"info","event":"saved 50,000 rows → chunk_00259.parquet","chan":"stdout","logger":"task"}
{"timestamp":"2025-07-11T05:37:55.652233Z","level":"info","event":"saved 50,000 rows → chunk_00260.parquet","chan":"stdout","logger":"task"}
{"timestamp":"2025-07-11T05:38:08.162436Z","level":"info","event":"saved 50,000 rows → chunk_00261.parquet","chan":"stdout","logger":"task"}
{"timestamp":"2025-07-11T05:38:19.863759Z","level":"info","event":"saved 50,000 rows → chunk_00262.parquet","chan":"stdout","logger":"task"}
{"timestamp":"2025-07-11T05:38:29.910590Z","level":"info","event":"saved 50,000 rows → chunk_00263.parquet","chan":"stdout","logger":"task"}
{"timestamp":"2025-07-11T05:38:42.299438Z","level":"info","event":"saved 50,000 rows → chunk_00264.parquet","chan":"stdout","logger":"task"}
{"timestamp":"2025-07-11T05:38:54.929383Z","level":"info","event":"saved 50,000 rows → chunk_00265.parquet","chan":"stdout","logger":"task"}
{"timestamp":"2025-07-11T05:39:06.032973Z","level":"info","event":"saved 50,000 rows → chunk_00266.parquet","chan":"stdout","logger":"task"}
{"timestamp":"2025-07-11T05:39:16.060448Z","level":"info","event":"saved 50,000 rows → chunk_00267.parquet","chan":"stdout","logger":"task"}
{"timestamp":"2025-07-11T05:39:27.967618Z","level":"info","event":"saved 50,000 rows → chunk_00268.parquet","chan":"stdout","logger":"task"}
{"timestamp":"2025-07-11T05:39:42.134470Z","level":"info","event":"saved 50,000 rows → chunk_00269.parquet","chan":"stdout","logger":"task"}
{"timestamp":"2025-07-11T05:39:53.794271Z","level":"info","event":"saved 50,000 rows → chunk_00270.parquet","chan":"stdout","logger":"task"}
{"timestamp":"2025-07-11T05:40:03.494486Z","level":"info","event":"saved 50,000 rows → chunk_00271.parquet","chan":"stdout","logger":"task"}
{"timestamp":"2025-07-11T05:40:16.282675Z","level":"info","event":"saved 50,000 rows → chunk_00272.parquet","chan":"stdout","logger":"task"}
{"timestamp":"2025-07-11T05:40:31.666644Z","level":"info","event":"saved 50,000 rows → chunk_00273.parquet","chan":"stdout","logger":"task"}
{"timestamp":"2025-07-11T05:40:42.173404Z","level":"info","event":"saved 50,000 rows → chunk_00274.parquet","chan":"stdout","logger":"task"}
{"timestamp":"2025-07-11T05:40:53.422037Z","level":"info","event":"saved 50,000 rows → chunk_00275.parquet","chan":"stdout","logger":"task"}
{"timestamp":"2025-07-11T05:41:03.172661Z","level":"info","event":"saved 50,000 rows → chunk_00276.parquet","chan":"stdout","logger":"task"}
{"timestamp":"2025-07-11T05:41:14.551237Z","level":"info","event":"saved 50,000 rows → chunk_00277.parquet","chan":"stdout","logger":"task"}
{"timestamp":"2025-07-11T05:41:27.607799Z","level":"info","event":"saved 50,000 rows → chunk_00278.parquet","chan":"stdout","logger":"task"}
{"timestamp":"2025-07-11T05:41:42.592923Z","level":"info","event":"saved 50,000 rows → chunk_00279.parquet","chan":"stdout","logger":"task"}
{"timestamp":"2025-07-11T05:41:54.514370Z","level":"info","event":"saved 50,000 rows → chunk_00280.parquet","chan":"stdout","logger":"task"}
{"timestamp":"2025-07-11T05:42:15.157600Z","level":"info","event":"saved 50,000 rows → chunk_00281.parquet","chan":"stdout","logger":"task"}
{"timestamp":"2025-07-11T05:42:32.295616Z","level":"info","event":"saved 50,000 rows → chunk_00282.parquet","chan":"stdout","logger":"task"}
{"timestamp":"2025-07-11T05:42:44.947749Z","level":"info","event":"saved 50,000 rows → chunk_00283.parquet","chan":"stdout","logger":"task"}
{"timestamp":"2025-07-11T05:42:57.462045Z","level":"info","event":"saved 45,703 rows → chunk_00284.parquet","chan":"stdout","logger":"task"}
{"timestamp":"2025-07-11T05:43:06.400812Z","level":"info","event":"✔ extracted 14,245,703 rows in 285 chunks","chan":"stdout","logger":"task"}
{"timestamp":"2025-07-11T05:43:06.401384","level":"info","event":"Done. Returned value was: ['/tmp/iowa_liquor_etl/raw/chunk_00000.parquet', '/tmp/iowa_liquor_etl/raw/chunk_00001.parquet', '/tmp/iowa_liquor_etl/raw/chunk_00002.parquet', '/tmp/iowa_liquor_etl/raw/chunk_00003.parquet', '/tmp/iowa_liquor_etl/raw/chunk_00004.parquet', '/tmp/iowa_liquor_etl/raw/chunk_00005.parquet', '/tmp/iowa_liquor_etl/raw/chunk_00006.parquet', '/tmp/iowa_liquor_etl/raw/chunk_00007.parquet', '/tmp/iowa_liquor_etl/raw/chunk_00008.parquet', '/tmp/iowa_liquor_etl/raw/chunk_00009.parquet', '/tmp/iowa_liquor_etl/raw/chunk_00010.parquet', '/tmp/iowa_liquor_etl/raw/chunk_00011.parquet', '/tmp/iowa_liquor_etl/raw/chunk_00012.parquet', '/tmp/iowa_liquor_etl/raw/chunk_00013.parquet', '/tmp/iowa_liquor_etl/raw/chunk_00014.parquet', '/tmp/iowa_liquor_etl/raw/chunk_00015.parquet', '/tmp/iowa_liquor_etl/raw/chunk_00016.parquet', '/tmp/iowa_liquor_etl/raw/chunk_00017.parquet', '/tmp/iowa_liquor_etl/raw/chunk_00018.parquet', '/tmp/iowa_liquor_etl/raw/chunk_00019.parquet', '/tmp/iowa_liquor_etl/raw/chunk_00020.parquet', '/tmp/iowa_liquor_etl/raw/chunk_00021.parquet', '/tmp/iowa_liquor_etl/raw/chunk_00022.parquet', '/tmp/iowa_liquor_etl/raw/chunk_00023.parquet', '/tmp/iowa_liquor_etl/raw/chunk_00024.parquet', '/tmp/iowa_liquor_etl/raw/chunk_00025.parquet', '/tmp/iowa_liquor_etl/raw/chunk_00026.parquet', '/tmp/iowa_liquor_etl/raw/chunk_00027.parquet', '/tmp/iowa_liquor_etl/raw/chunk_00028.parquet', '/tmp/iowa_liquor_etl/raw/chunk_00029.parquet', '/tmp/iowa_liquor_etl/raw/chunk_00030.parquet', '/tmp/iowa_liquor_etl/raw/chunk_00031.parquet', '/tmp/iowa_liquor_etl/raw/chunk_00032.parquet', '/tmp/iowa_liquor_etl/raw/chunk_00033.parquet', '/tmp/iowa_liquor_etl/raw/chunk_00034.parquet', '/tmp/iowa_liquor_etl/raw/chunk_00035.parquet', '/tmp/iowa_liquor_etl/raw/chunk_00036.parquet', '/tmp/iowa_liquor_etl/raw/chunk_00037.parquet', '/tmp/iowa_liquor_etl/raw/chunk_00038.parquet', '/tmp/iowa_liquor_etl/raw/chunk_00039.parquet', '/tmp/iowa_liquor_etl/raw/chunk_00040.parquet', '/tmp/iowa_liquor_etl/raw/chunk_00041.parquet', '/tmp/iowa_liquor_etl/raw/chunk_00042.parquet', '/tmp/iowa_liquor_etl/raw/chunk_00043.parquet', '/tmp/iowa_liquor_etl/raw/chunk_00044.parquet', '/tmp/iowa_liquor_etl/raw/chunk_00045.parquet', '/tmp/iowa_liquor_etl/raw/chunk_00046.parquet', '/tmp/iowa_liquor_etl/raw/chunk_00047.parquet', '/tmp/iowa_liquor_etl/raw/chunk_00048.parquet', '/tmp/iowa_liquor_etl/raw/chunk_00049.parquet', '/tmp/iowa_liquor_etl/raw/chunk_00050.parquet', '/tmp/iowa_liquor_etl/raw/chunk_00051.parquet', '/tmp/iowa_liquor_etl/raw/chunk_00052.parquet', '/tmp/iowa_liquor_etl/raw/chunk_00053.parquet', '/tmp/iowa_liquor_etl/raw/chunk_00054.parquet', '/tmp/iowa_liquor_etl/raw/chunk_00055.parquet', '/tmp/iowa_liquor_etl/raw/chunk_00056.parquet', '/tmp/iowa_liquor_etl/raw/chunk_00057.parquet', '/tmp/iowa_liquor_etl/raw/chunk_00058.parquet', '/tmp/iowa_liquor_etl/raw/chunk_00059.parquet', '/tmp/iowa_liquor_etl/raw/chunk_00060.parquet', '/tmp/iowa_liquor_etl/raw/chunk_00061.parquet', '/tmp/iowa_liquor_etl/raw/chunk_00062.parquet', '/tmp/iowa_liquor_etl/raw/chunk_00063.parquet', '/tmp/iowa_liquor_etl/raw/chunk_00064.parquet', '/tmp/iowa_liquor_etl/raw/chunk_00065.parquet', '/tmp/iowa_liquor_etl/raw/chunk_00066.parquet', '/tmp/iowa_liquor_etl/raw/chunk_00067.parquet', '/tmp/iowa_liquor_etl/raw/chunk_00068.parquet', '/tmp/iowa_liquor_etl/raw/chunk_00069.parquet', '/tmp/iowa_liquor_etl/raw/chunk_00070.parquet', '/tmp/iowa_liquor_etl/raw/chunk_00071.parquet', '/tmp/iowa_liquor_etl/raw/chunk_00072.parquet', '/tmp/iowa_liquor_etl/raw/chunk_00073.parquet', '/tmp/iowa_liquor_etl/raw/chunk_00074.parquet', '/tmp/iowa_liquor_etl/raw/chunk_00075.parquet', '/tmp/iowa_liquor_etl/raw/chunk_00076.parquet', '/tmp/iowa_liquor_etl/raw/chunk_00077.parquet', '/tmp/iowa_liquor_etl/raw/chunk_00078.parquet', '/tmp/iowa_liquor_etl/raw/chunk_00079.parquet', '/tmp/iowa_liquor_etl/raw/chunk_00080.parquet', '/tmp/iowa_liquor_etl/raw/chunk_00081.parquet', '/tmp/iowa_liquor_etl/raw/chunk_00082.parquet', '/tmp/iowa_liquor_etl/raw/chunk_00083.parquet', '/tmp/iowa_liquor_etl/raw/chunk_00084.parquet', '/tmp/iowa_liquor_etl/raw/chunk_00085.parquet', '/tmp/iowa_liquor_etl/raw/chunk_00086.parquet', '/tmp/iowa_liquor_etl/raw/chunk_00087.parquet', '/tmp/iowa_liquor_etl/raw/chunk_00088.parquet', '/tmp/iowa_liquor_etl/raw/chunk_00089.parquet', '/tmp/iowa_liquor_etl/raw/chunk_00090.parquet', '/tmp/iowa_liquor_etl/raw/chunk_00091.parquet', '/tmp/iowa_liquor_etl/raw/chunk_00092.parquet', '/tmp/iowa_liquor_etl/raw/chunk_00093.parquet', '/tmp/iowa_liquor_etl/raw/chunk_00094.parquet', '/tmp/iowa_liquor_etl/raw/chunk_00095.parquet', '/tmp/iowa_liquor_etl/raw/chunk_00096.parquet', '/tmp/iowa_liquor_etl/raw/chunk_00097.parquet', '/tmp/iowa_liquor_etl/raw/chunk_00098.parquet', '/tmp/iowa_liquor_etl/raw/chunk_00099.parquet', '/tmp/iowa_liquor_etl/raw/chunk_00100.parquet', '/tmp/iowa_liquor_etl/raw/chunk_00101.parquet', '/tmp/iowa_liquor_etl/raw/chunk_00102.parquet', '/tmp/iowa_liquor_etl/raw/chunk_00103.parquet', '/tmp/iowa_liquor_etl/raw/chunk_00104.parquet', '/tmp/iowa_liquor_etl/raw/chunk_00105.parquet', '/tmp/iowa_liquor_etl/raw/chunk_00106.parquet', '/tmp/iowa_liquor_etl/raw/chunk_00107.parquet', '/tmp/iowa_liquor_etl/raw/chunk_00108.parquet', '/tmp/iowa_liquor_etl/raw/chunk_00109.parquet', '/tmp/iowa_liquor_etl/raw/chunk_00110.parquet', '/tmp/iowa_liquor_etl/raw/chunk_00111.parquet', '/tmp/iowa_liquor_etl/raw/chunk_00112.parquet', '/tmp/iowa_liquor_etl/raw/chunk_00113.parquet', '/tmp/iowa_liquor_etl/raw/chunk_00114.parquet', '/tmp/iowa_liquor_etl/raw/chunk_00115.parquet', '/tmp/iowa_liquor_etl/raw/chunk_00116.parquet', '/tmp/iowa_liquor_etl/raw/chunk_00117.parquet', '/tmp/iowa_liquor_etl/raw/chunk_00118.parquet', '/tmp/iowa_liquor_etl/raw/chunk_00119.parquet', '/tmp/iowa_liquor_etl/raw/chunk_00120.parquet', '/tmp/iowa_liquor_etl/raw/chunk_00121.parquet', '/tmp/iowa_liquor_etl/raw/chunk_00122.parquet', '/tmp/iowa_liquor_etl/raw/chunk_00123.parquet', '/tmp/iowa_liquor_etl/raw/chunk_00124.parquet', '/tmp/iowa_liquor_etl/raw/chunk_00125.parquet', '/tmp/iowa_liquor_etl/raw/chunk_00126.parquet', '/tmp/iowa_liquor_etl/raw/chunk_00127.parquet', '/tmp/iowa_liquor_etl/raw/chunk_00128.parquet', '/tmp/iowa_liquor_etl/raw/chunk_00129.parquet', '/tmp/iowa_liquor_etl/raw/chunk_00130.parquet', '/tmp/iowa_liquor_etl/raw/chunk_00131.parquet', '/tmp/iowa_liquor_etl/raw/chunk_00132.parquet', '/tmp/iowa_liquor_etl/raw/chunk_00133.parquet', '/tmp/iowa_liquor_etl/raw/chunk_00134.parquet', '/tmp/iowa_liquor_etl/raw/chunk_00135.parquet', '/tmp/iowa_liquor_etl/raw/chunk_00136.parquet', '/tmp/iowa_liquor_etl/raw/chunk_00137.parquet', '/tmp/iowa_liquor_etl/raw/chunk_00138.parquet', '/tmp/iowa_liquor_etl/raw/chunk_00139.parquet', '/tmp/iowa_liquor_etl/raw/chunk_00140.parquet', '/tmp/iowa_liquor_etl/raw/chunk_00141.parquet', '/tmp/iowa_liquor_etl/raw/chunk_00142.parquet', '/tmp/iowa_liquor_etl/raw/chunk_00143.parquet', '/tmp/iowa_liquor_etl/raw/chunk_00144.parquet', '/tmp/iowa_liquor_etl/raw/chunk_00145.parquet', '/tmp/iowa_liquor_etl/raw/chunk_00146.parquet', '/tmp/iowa_liquor_etl/raw/chunk_00147.parquet', '/tmp/iowa_liquor_etl/raw/chunk_00148.parquet', '/tmp/iowa_liquor_etl/raw/chunk_00149.parquet', '/tmp/iowa_liquor_etl/raw/chunk_00150.parquet', '/tmp/iowa_liquor_etl/raw/chunk_00151.parquet', '/tmp/iowa_liquor_etl/raw/chunk_00152.parquet', '/tmp/iowa_liquor_etl/raw/chunk_00153.parquet', '/tmp/iowa_liquor_etl/raw/chunk_00154.parquet', '/tmp/iowa_liquor_etl/raw/chunk_00155.parquet', '/tmp/iowa_liquor_etl/raw/chunk_00156.parquet', '/tmp/iowa_liquor_etl/raw/chunk_00157.parquet', '/tmp/iowa_liquor_etl/raw/chunk_00158.parquet', '/tmp/iowa_liquor_etl/raw/chunk_00159.parquet', '/tmp/iowa_liquor_etl/raw/chunk_00160.parquet', '/tmp/iowa_liquor_etl/raw/chunk_00161.parquet', '/tmp/iowa_liquor_etl/raw/chunk_00162.parquet', '/tmp/iowa_liquor_etl/raw/chunk_00163.parquet', '/tmp/iowa_liquor_etl/raw/chunk_00164.parquet', '/tmp/iowa_liquor_etl/raw/chunk_00165.parquet', '/tmp/iowa_liquor_etl/raw/chunk_00166.parquet', '/tmp/iowa_liquor_etl/raw/chunk_00167.parquet', '/tmp/iowa_liquor_etl/raw/chunk_00168.parquet', '/tmp/iowa_liquor_etl/raw/chunk_00169.parquet', '/tmp/iowa_liquor_etl/raw/chunk_00170.parquet', '/tmp/iowa_liquor_etl/raw/chunk_00171.parquet', '/tmp/iowa_liquor_etl/raw/chunk_00172.parquet', '/tmp/iowa_liquor_etl/raw/chunk_00173.parquet', '/tmp/iowa_liquor_etl/raw/chunk_00174.parquet', '/tmp/iowa_liquor_etl/raw/chunk_00175.parquet', '/tmp/iowa_liquor_etl/raw/chunk_00176.parquet', '/tmp/iowa_liquor_etl/raw/chunk_00177.parquet', '/tmp/iowa_liquor_etl/raw/chunk_00178.parquet', '/tmp/iowa_liquor_etl/raw/chunk_00179.parquet', '/tmp/iowa_liquor_etl/raw/chunk_00180.parquet', '/tmp/iowa_liquor_etl/raw/chunk_00181.parquet', '/tmp/iowa_liquor_etl/raw/chunk_00182.parquet', '/tmp/iowa_liquor_etl/raw/chunk_00183.parquet', '/tmp/iowa_liquor_etl/raw/chunk_00184.parquet', '/tmp/iowa_liquor_etl/raw/chunk_00185.parquet', '/tmp/iowa_liquor_etl/raw/chunk_00186.parquet', '/tmp/iowa_liquor_etl/raw/chunk_00187.parquet', '/tmp/iowa_liquor_etl/raw/chunk_00188.parquet', '/tmp/iowa_liquor_etl/raw/chunk_00189.parquet', '/tmp/iowa_liquor_etl/raw/chunk_00190.parquet', '/tmp/iowa_liquor_etl/raw/chunk_00191.parquet', '/tmp/iowa_liquor_etl/raw/chunk_00192.parquet', '/tmp/iowa_liquor_etl/raw/chunk_00193.parquet', '/tmp/iowa_liquor_etl/raw/chunk_00194.parquet', '/tmp/iowa_liquor_etl/raw/chunk_00195.parquet', '/tmp/iowa_liquor_etl/raw/chunk_00196.parquet', '/tmp/iowa_liquor_etl/raw/chunk_00197.parquet', '/tmp/iowa_liquor_etl/raw/chunk_00198.parquet', '/tmp/iowa_liquor_etl/raw/chunk_00199.parquet', '/tmp/iowa_liquor_etl/raw/chunk_00200.parquet', '/tmp/iowa_liquor_etl/raw/chunk_00201.parquet', '/tmp/iowa_liquor_etl/raw/chunk_00202.parquet', '/tmp/iowa_liquor_etl/raw/chunk_00203.parquet', '/tmp/iowa_liquor_etl/raw/chunk_00204.parquet', '/tmp/iowa_liquor_etl/raw/chunk_00205.parquet', '/tmp/iowa_liquor_etl/raw/chunk_00206.parquet', '/tmp/iowa_liquor_etl/raw/chunk_00207.parquet', '/tmp/iowa_liquor_etl/raw/chunk_00208.parquet', '/tmp/iowa_liquor_etl/raw/chunk_00209.parquet', '/tmp/iowa_liquor_etl/raw/chunk_00210.parquet', '/tmp/iowa_liquor_etl/raw/chunk_00211.parquet', '/tmp/iowa_liquor_etl/raw/chunk_00212.parquet', '/tmp/iowa_liquor_etl/raw/chunk_00213.parquet', '/tmp/iowa_liquor_etl/raw/chunk_00214.parquet', '/tmp/iowa_liquor_etl/raw/chunk_00215.parquet', '/tmp/iowa_liquor_etl/raw/chunk_00216.parquet', '/tmp/iowa_liquor_etl/raw/chunk_00217.parquet', '/tmp/iowa_liquor_etl/raw/chunk_00218.parquet', '/tmp/iowa_liquor_etl/raw/chunk_00219.parquet', '/tmp/iowa_liquor_etl/raw/chunk_00220.parquet', '/tmp/iowa_liquor_etl/raw/chunk_00221.parquet', '/tmp/iowa_liquor_etl/raw/chunk_00222.parquet', '/tmp/iowa_liquor_etl/raw/chunk_00223.parquet', '/tmp/iowa_liquor_etl/raw/chunk_00224.parquet', '/tmp/iowa_liquor_etl/raw/chunk_00225.parquet', '/tmp/iowa_liquor_etl/raw/chunk_00226.parquet', '/tmp/iowa_liquor_etl/raw/chunk_00227.parquet', '/tmp/iowa_liquor_etl/raw/chunk_00228.parquet', '/tmp/iowa_liquor_etl/raw/chunk_00229.parquet', '/tmp/iowa_liquor_etl/raw/chunk_00230.parquet', '/tmp/iowa_liquor_etl/raw/chunk_00231.parquet', '/tmp/iowa_liquor_etl/raw/chunk_00232.parquet', '/tmp/iowa_liquor_etl/raw/chunk_00233.parquet', '/tmp/iowa_liquor_etl/raw/chunk_00234.parquet', '/tmp/iowa_liquor_etl/raw/chunk_00235.parquet', '/tmp/iowa_liquor_etl/raw/chunk_00236.parquet', '/tmp/iowa_liquor_etl/raw/chunk_00237.parquet', '/tmp/iowa_liquor_etl/raw/chunk_00238.parquet', '/tmp/iowa_liquor_etl/raw/chunk_00239.parquet', '/tmp/iowa_liquor_etl/raw/chunk_00240.parquet', '/tmp/iowa_liquor_etl/raw/chunk_00241.parquet', '/tmp/iowa_liquor_etl/raw/chunk_00242.parquet', '/tmp/iowa_liquor_etl/raw/chunk_00243.parquet', '/tmp/iowa_liquor_etl/raw/chunk_00244.parquet', '/tmp/iowa_liquor_etl/raw/chunk_00245.parquet', '/tmp/iowa_liquor_etl/raw/chunk_00246.parquet', '/tmp/iowa_liquor_etl/raw/chunk_00247.parquet', '/tmp/iowa_liquor_etl/raw/chunk_00248.parquet', '/tmp/iowa_liquor_etl/raw/chunk_00249.parquet', '/tmp/iowa_liquor_etl/raw/chunk_00250.parquet', '/tmp/iowa_liquor_etl/raw/chunk_00251.parquet', '/tmp/iowa_liquor_etl/raw/chunk_00252.parquet', '/tmp/iowa_liquor_etl/raw/chunk_00253.parquet', '/tmp/iowa_liquor_etl/raw/chunk_00254.parquet', '/tmp/iowa_liquor_etl/raw/chunk_00255.parquet', '/tmp/iowa_liquor_etl/raw/chunk_00256.parquet', '/tmp/iowa_liquor_etl/raw/chunk_00257.parquet', '/tmp/iowa_liquor_etl/raw/chunk_00258.parquet', '/tmp/iowa_liquor_etl/raw/chunk_00259.parquet', '/tmp/iowa_liquor_etl/raw/chunk_00260.parquet', '/tmp/iowa_liquor_etl/raw/chunk_00261.parquet', '/tmp/iowa_liquor_etl/raw/chunk_00262.parquet', '/tmp/iowa_liquor_etl/raw/chunk_00263.parquet', '/tmp/iowa_liquor_etl/raw/chunk_00264.parquet', '/tmp/iowa_liquor_etl/raw/chunk_00265.parquet', '/tmp/iowa_liquor_etl/raw/chunk_00266.parquet', '/tmp/iowa_liquor_etl/raw/chunk_00267.parquet', '/tmp/iowa_liquor_etl/raw/chunk_00268.parquet', '/tmp/iowa_liquor_etl/raw/chunk_00269.parquet', '/tmp/iowa_liquor_etl/raw/chunk_00270.parquet', '/tmp/iowa_liquor_etl/raw/chunk_00271.parquet', '/tmp/iowa_liquor_etl/raw/chunk_00272.parquet', '/tmp/iowa_liquor_etl/raw/chunk_00273.parquet', '/tmp/iowa_liquor_etl/raw/chunk_00274.parquet', '/tmp/iowa_liquor_etl/raw/chunk_00275.parquet', '/tmp/iowa_liquor_etl/raw/chunk_00276.parquet', '/tmp/iowa_liquor_etl/raw/chunk_00277.parquet', '/tmp/iowa_liquor_etl/raw/chunk_00278.parquet', '/tmp/iowa_liquor_etl/raw/chunk_00279.parquet', '/tmp/iowa_liquor_etl/raw/chunk_00280.parquet', '/tmp/iowa_liquor_etl/raw/chunk_00281.parquet', '/tmp/iowa_liquor_etl/raw/chunk_00282.parquet', '/tmp/iowa_liquor_etl/raw/chunk_00283.parquet', '/tmp/iowa_liquor_etl/raw/chunk_00284.parquet']","logger":"airflow.task.operators.airflow.providers.standard.operators.python.PythonOperator"}
{"timestamp":"2025-07-11T05:43:06.401657","level":"info","event":"Pushing xcom","ti":"RuntimeTaskInstance(id=UUID('0197f7d5-c447-7ce8-9233-fb44b15c2eab'), task_id='extract', dag_id='iowa_liquor_etl_pipeline', run_id='manual__2025-07-11T04:54:25.401038+00:00', try_number=2, map_index=-1, hostname='533f4fd0c3ab', context_carrier={}, task=<Task(PythonOperator): extract>, bundle_instance=LocalDagBundle(name=dags-folder), max_tries=1, start_date=datetime.datetime(2025, 7, 11, 4, 59, 31, 789051, tzinfo=TzInfo(UTC)), end_date=None, state=<TaskInstanceState.RUNNING: 'running'>, is_mapped=False, rendered_map_index=None)","logger":"task"}
