{"timestamp":"2025-07-11T05:43:30.069773","level":"info","event":"DAG bundles loaded: dags-folder","logger":"airflow.dag_processing.bundles.manager.DagBundlesManager"}
{"timestamp":"2025-07-11T05:43:30.070236","level":"info","event":"Filling up the DagBag from /usr/local/airflow/dags/iowa_liquor_dag.py","logger":"airflow.models.dagbag.DagBag"}
{"timestamp":"2025-07-11T05:43:30.787318","level":"info","event":"TaskInstance Details: ","dag_id":"iowa_liquor_etl_pipeline","task_id":"load","dagrun_id":"manual__2025-07-11T04:54:25.401038+00:00","map_index":-1,"run_start_date":"2025-07-11T05:43:30.041557Z","try_number":1,"op_classpath":["airflow.providers.standard.operators.python.PythonOperator","airflow.models.baseoperator.BaseOperator"],"logger":"task"}
{"timestamp":"2025-07-11T05:43:34.297843Z","level":"info","event":"COPY 1/285  +50,000 rows  (cum 50,000)","chan":"stdout","logger":"task"}
{"timestamp":"2025-07-11T05:43:36.070779Z","level":"info","event":"COPY 2/285  +50,000 rows  (cum 100,000)","chan":"stdout","logger":"task"}
{"timestamp":"2025-07-11T05:43:37.412185Z","level":"info","event":"COPY 3/285  +50,000 rows  (cum 150,000)","chan":"stdout","logger":"task"}
{"timestamp":"2025-07-11T05:43:40.804274Z","level":"info","event":"COPY 4/285  +50,000 rows  (cum 200,000)","chan":"stdout","logger":"task"}
{"timestamp":"2025-07-11T05:43:45.199862Z","level":"info","event":"COPY 5/285  +50,000 rows  (cum 250,000)","chan":"stdout","logger":"task"}
{"timestamp":"2025-07-11T05:43:48.591598Z","level":"info","event":"COPY 6/285  +50,000 rows  (cum 300,000)","chan":"stdout","logger":"task"}
{"timestamp":"2025-07-11T05:43:50.998833Z","level":"info","event":"COPY 7/285  +50,000 rows  (cum 350,000)","chan":"stdout","logger":"task"}
{"timestamp":"2025-07-11T05:43:52.693737Z","level":"info","event":"COPY 8/285  +50,000 rows  (cum 400,000)","chan":"stdout","logger":"task"}
{"timestamp":"2025-07-11T05:43:54.735076Z","level":"info","event":"COPY 9/285  +50,000 rows  (cum 450,000)","chan":"stdout","logger":"task"}
{"timestamp":"2025-07-11T05:43:57.375694Z","level":"info","event":"COPY 10/285  +50,000 rows  (cum 500,000)","chan":"stdout","logger":"task"}
{"timestamp":"2025-07-11T05:43:59.751435Z","level":"info","event":"COPY 11/285  +50,000 rows  (cum 550,000)","chan":"stdout","logger":"task"}
{"timestamp":"2025-07-11T05:44:02.481436Z","level":"info","event":"COPY 12/285  +50,000 rows  (cum 600,000)","chan":"stdout","logger":"task"}
{"timestamp":"2025-07-11T05:44:04.851484Z","level":"info","event":"COPY 13/285  +50,000 rows  (cum 650,000)","chan":"stdout","logger":"task"}
{"timestamp":"2025-07-11T05:44:07.500232Z","level":"info","event":"COPY 14/285  +50,000 rows  (cum 700,000)","chan":"stdout","logger":"task"}
{"timestamp":"2025-07-11T05:44:09.543510Z","level":"info","event":"COPY 15/285  +50,000 rows  (cum 750,000)","chan":"stdout","logger":"task"}
{"timestamp":"2025-07-11T05:44:11.591846Z","level":"info","event":"COPY 16/285  +50,000 rows  (cum 800,000)","chan":"stdout","logger":"task"}
{"timestamp":"2025-07-11T05:44:13.753157Z","level":"info","event":"COPY 17/285  +50,000 rows  (cum 850,000)","chan":"stdout","logger":"task"}
{"timestamp":"2025-07-11T05:44:16.410321Z","level":"info","event":"COPY 18/285  +50,000 rows  (cum 900,000)","chan":"stdout","logger":"task"}
{"timestamp":"2025-07-11T05:44:18.621925Z","level":"info","event":"COPY 19/285  +50,000 rows  (cum 950,000)","chan":"stdout","logger":"task"}
{"timestamp":"2025-07-11T05:44:20.857143Z","level":"info","event":"COPY 20/285  +50,000 rows  (cum 1,000,000)","chan":"stdout","logger":"task"}
{"timestamp":"2025-07-11T05:44:23.001349Z","level":"info","event":"COPY 21/285  +50,000 rows  (cum 1,050,000)","chan":"stdout","logger":"task"}
{"timestamp":"2025-07-11T05:44:24.966035Z","level":"info","event":"COPY 22/285  +50,000 rows  (cum 1,100,000)","chan":"stdout","logger":"task"}
{"timestamp":"2025-07-11T05:44:26.939607Z","level":"info","event":"COPY 23/285  +50,000 rows  (cum 1,150,000)","chan":"stdout","logger":"task"}
{"timestamp":"2025-07-11T05:44:31.655414Z","level":"info","event":"COPY 24/285  +50,000 rows  (cum 1,200,000)","chan":"stdout","logger":"task"}
{"timestamp":"2025-07-11T05:44:33.649196Z","level":"info","event":"COPY 25/285  +50,000 rows  (cum 1,250,000)","chan":"stdout","logger":"task"}
{"timestamp":"2025-07-11T05:44:35.445991Z","level":"info","event":"COPY 26/285  +50,000 rows  (cum 1,300,000)","chan":"stdout","logger":"task"}
{"timestamp":"2025-07-11T05:44:37.356439Z","level":"info","event":"COPY 27/285  +50,000 rows  (cum 1,350,000)","chan":"stdout","logger":"task"}
{"timestamp":"2025-07-11T05:44:39.685214Z","level":"info","event":"COPY 28/285  +50,000 rows  (cum 1,400,000)","chan":"stdout","logger":"task"}
{"timestamp":"2025-07-11T05:44:42.071911Z","level":"info","event":"COPY 29/285  +50,000 rows  (cum 1,450,000)","chan":"stdout","logger":"task"}
{"timestamp":"2025-07-11T05:44:44.208080Z","level":"info","event":"COPY 30/285  +50,000 rows  (cum 1,500,000)","chan":"stdout","logger":"task"}
{"timestamp":"2025-07-11T05:44:46.334480Z","level":"info","event":"COPY 31/285  +50,000 rows  (cum 1,550,000)","chan":"stdout","logger":"task"}
{"timestamp":"2025-07-11T05:44:48.321284Z","level":"info","event":"COPY 32/285  +50,000 rows  (cum 1,600,000)","chan":"stdout","logger":"task"}
{"timestamp":"2025-07-11T05:44:50.340044Z","level":"info","event":"COPY 33/285  +50,000 rows  (cum 1,650,000)","chan":"stdout","logger":"task"}
{"timestamp":"2025-07-11T05:44:52.326071Z","level":"info","event":"COPY 34/285  +50,000 rows  (cum 1,700,000)","chan":"stdout","logger":"task"}
{"timestamp":"2025-07-11T05:44:54.122346Z","level":"info","event":"COPY 35/285  +50,000 rows  (cum 1,750,000)","chan":"stdout","logger":"task"}
{"timestamp":"2025-07-11T05:44:56.101896Z","level":"info","event":"COPY 36/285  +50,000 rows  (cum 1,800,000)","chan":"stdout","logger":"task"}
{"timestamp":"2025-07-11T05:44:57.933957Z","level":"info","event":"COPY 37/285  +50,000 rows  (cum 1,850,000)","chan":"stdout","logger":"task"}
{"timestamp":"2025-07-11T05:45:00.210509Z","level":"info","event":"COPY 38/285  +50,000 rows  (cum 1,900,000)","chan":"stdout","logger":"task"}
{"timestamp":"2025-07-11T05:45:02.745826Z","level":"info","event":"COPY 39/285  +50,000 rows  (cum 1,950,000)","chan":"stdout","logger":"task"}
{"timestamp":"2025-07-11T05:45:04.642775Z","level":"info","event":"COPY 40/285  +50,000 rows  (cum 2,000,000)","chan":"stdout","logger":"task"}
{"timestamp":"2025-07-11T05:45:06.585992Z","level":"info","event":"COPY 41/285  +50,000 rows  (cum 2,050,000)","chan":"stdout","logger":"task"}
{"timestamp":"2025-07-11T05:45:08.609267Z","level":"info","event":"COPY 42/285  +50,000 rows  (cum 2,100,000)","chan":"stdout","logger":"task"}
{"timestamp":"2025-07-11T05:45:10.544173Z","level":"info","event":"COPY 43/285  +50,000 rows  (cum 2,150,000)","chan":"stdout","logger":"task"}
{"timestamp":"2025-07-11T05:45:12.785737Z","level":"info","event":"COPY 44/285  +50,000 rows  (cum 2,200,000)","chan":"stdout","logger":"task"}
{"timestamp":"2025-07-11T05:45:14.690834Z","level":"info","event":"COPY 45/285  +50,000 rows  (cum 2,250,000)","chan":"stdout","logger":"task"}
{"timestamp":"2025-07-11T05:45:17.041806Z","level":"info","event":"COPY 46/285  +50,000 rows  (cum 2,300,000)","chan":"stdout","logger":"task"}
{"timestamp":"2025-07-11T05:45:19.221653Z","level":"info","event":"COPY 47/285  +50,000 rows  (cum 2,350,000)","chan":"stdout","logger":"task"}
{"timestamp":"2025-07-11T05:45:21.383578Z","level":"info","event":"COPY 48/285  +50,000 rows  (cum 2,400,000)","chan":"stdout","logger":"task"}
{"timestamp":"2025-07-11T05:45:23.536172Z","level":"info","event":"COPY 49/285  +50,000 rows  (cum 2,450,000)","chan":"stdout","logger":"task"}
{"timestamp":"2025-07-11T05:45:25.721380Z","level":"info","event":"COPY 50/285  +50,000 rows  (cum 2,500,000)","chan":"stdout","logger":"task"}
{"timestamp":"2025-07-11T05:45:31.340050Z","level":"info","event":"COPY 51/285  +50,000 rows  (cum 2,550,000)","chan":"stdout","logger":"task"}
{"timestamp":"2025-07-11T05:45:33.071026Z","level":"info","event":"COPY 52/285  +50,000 rows  (cum 2,600,000)","chan":"stdout","logger":"task"}
{"timestamp":"2025-07-11T05:45:34.970116Z","level":"info","event":"COPY 53/285  +50,000 rows  (cum 2,650,000)","chan":"stdout","logger":"task"}
{"timestamp":"2025-07-11T05:45:36.896577Z","level":"info","event":"COPY 54/285  +50,000 rows  (cum 2,700,000)","chan":"stdout","logger":"task"}
{"timestamp":"2025-07-11T05:45:38.696116Z","level":"info","event":"COPY 55/285  +50,000 rows  (cum 2,750,000)","chan":"stdout","logger":"task"}
{"timestamp":"2025-07-11T05:45:40.756933Z","level":"info","event":"COPY 56/285  +50,000 rows  (cum 2,800,000)","chan":"stdout","logger":"task"}
{"timestamp":"2025-07-11T05:45:43.406746Z","level":"info","event":"COPY 57/285  +50,000 rows  (cum 2,850,000)","chan":"stdout","logger":"task"}
{"timestamp":"2025-07-11T05:45:47.491810Z","level":"info","event":"COPY 58/285  +50,000 rows  (cum 2,900,000)","chan":"stdout","logger":"task"}
{"timestamp":"2025-07-11T05:45:52.835757Z","level":"info","event":"COPY 59/285  +50,000 rows  (cum 2,950,000)","chan":"stdout","logger":"task"}
{"timestamp":"2025-07-11T05:45:55.080932Z","level":"info","event":"COPY 60/285  +50,000 rows  (cum 3,000,000)","chan":"stdout","logger":"task"}
{"timestamp":"2025-07-11T05:45:57.176299Z","level":"info","event":"COPY 61/285  +50,000 rows  (cum 3,050,000)","chan":"stdout","logger":"task"}
{"timestamp":"2025-07-11T05:45:59.444452Z","level":"info","event":"COPY 62/285  +50,000 rows  (cum 3,100,000)","chan":"stdout","logger":"task"}
{"timestamp":"2025-07-11T05:46:01.867761Z","level":"info","event":"COPY 63/285  +50,000 rows  (cum 3,150,000)","chan":"stdout","logger":"task"}
{"timestamp":"2025-07-11T05:46:04.291058Z","level":"info","event":"COPY 64/285  +50,000 rows  (cum 3,200,000)","chan":"stdout","logger":"task"}
{"timestamp":"2025-07-11T05:46:06.529491Z","level":"info","event":"COPY 65/285  +50,000 rows  (cum 3,250,000)","chan":"stdout","logger":"task"}
{"timestamp":"2025-07-11T05:46:08.942961Z","level":"info","event":"COPY 66/285  +50,000 rows  (cum 3,300,000)","chan":"stdout","logger":"task"}
{"timestamp":"2025-07-11T05:46:11.139686Z","level":"info","event":"COPY 67/285  +50,000 rows  (cum 3,350,000)","chan":"stdout","logger":"task"}
{"timestamp":"2025-07-11T05:46:13.303736Z","level":"info","event":"COPY 68/285  +50,000 rows  (cum 3,400,000)","chan":"stdout","logger":"task"}
{"timestamp":"2025-07-11T05:46:15.476083Z","level":"info","event":"COPY 69/285  +50,000 rows  (cum 3,450,000)","chan":"stdout","logger":"task"}
{"timestamp":"2025-07-11T05:46:17.532863Z","level":"info","event":"COPY 70/285  +50,000 rows  (cum 3,500,000)","chan":"stdout","logger":"task"}
{"timestamp":"2025-07-11T05:46:19.802958Z","level":"info","event":"COPY 71/285  +50,000 rows  (cum 3,550,000)","chan":"stdout","logger":"task"}
{"timestamp":"2025-07-11T05:46:25.499034Z","level":"info","event":"COPY 72/285  +50,000 rows  (cum 3,600,000)","chan":"stdout","logger":"task"}
{"timestamp":"2025-07-11T05:46:29.695540Z","level":"info","event":"COPY 73/285  +50,000 rows  (cum 3,650,000)","chan":"stdout","logger":"task"}
{"timestamp":"2025-07-11T05:46:34.748088Z","level":"info","event":"COPY 74/285  +50,000 rows  (cum 3,700,000)","chan":"stdout","logger":"task"}
{"timestamp":"2025-07-11T05:46:36.800886Z","level":"info","event":"COPY 75/285  +50,000 rows  (cum 3,750,000)","chan":"stdout","logger":"task"}
{"timestamp":"2025-07-11T05:46:38.865162Z","level":"info","event":"COPY 76/285  +50,000 rows  (cum 3,800,000)","chan":"stdout","logger":"task"}
{"timestamp":"2025-07-11T05:46:41.368590Z","level":"info","event":"COPY 77/285  +50,000 rows  (cum 3,850,000)","chan":"stdout","logger":"task"}
{"timestamp":"2025-07-11T05:46:43.050983Z","level":"info","event":"COPY 78/285  +50,000 rows  (cum 3,900,000)","chan":"stdout","logger":"task"}
{"timestamp":"2025-07-11T05:46:44.929931Z","level":"info","event":"COPY 79/285  +50,000 rows  (cum 3,950,000)","chan":"stdout","logger":"task"}
{"timestamp":"2025-07-11T05:46:46.951795Z","level":"info","event":"COPY 80/285  +50,000 rows  (cum 4,000,000)","chan":"stdout","logger":"task"}
{"timestamp":"2025-07-11T05:46:49.118460Z","level":"info","event":"COPY 81/285  +50,000 rows  (cum 4,050,000)","chan":"stdout","logger":"task"}
{"timestamp":"2025-07-11T05:46:51.140149Z","level":"info","event":"COPY 82/285  +50,000 rows  (cum 4,100,000)","chan":"stdout","logger":"task"}
{"timestamp":"2025-07-11T05:46:53.335444Z","level":"info","event":"COPY 83/285  +50,000 rows  (cum 4,150,000)","chan":"stdout","logger":"task"}
{"timestamp":"2025-07-11T05:46:55.468206Z","level":"info","event":"COPY 84/285  +50,000 rows  (cum 4,200,000)","chan":"stdout","logger":"task"}
{"timestamp":"2025-07-11T05:46:57.609478Z","level":"info","event":"COPY 85/285  +50,000 rows  (cum 4,250,000)","chan":"stdout","logger":"task"}
{"timestamp":"2025-07-11T05:46:59.749877Z","level":"info","event":"COPY 86/285  +50,000 rows  (cum 4,300,000)","chan":"stdout","logger":"task"}
{"timestamp":"2025-07-11T05:47:05.758235Z","level":"info","event":"COPY 87/285  +50,000 rows  (cum 4,350,000)","chan":"stdout","logger":"task"}
{"timestamp":"2025-07-11T05:47:08.730666Z","level":"info","event":"COPY 88/285  +50,000 rows  (cum 4,400,000)","chan":"stdout","logger":"task"}
{"timestamp":"2025-07-11T05:47:11.198773Z","level":"info","event":"COPY 89/285  +50,000 rows  (cum 4,450,000)","chan":"stdout","logger":"task"}
{"timestamp":"2025-07-11T05:47:13.061339Z","level":"info","event":"COPY 90/285  +50,000 rows  (cum 4,500,000)","chan":"stdout","logger":"task"}
{"timestamp":"2025-07-11T05:47:14.849914Z","level":"info","event":"COPY 91/285  +50,000 rows  (cum 4,550,000)","chan":"stdout","logger":"task"}
{"timestamp":"2025-07-11T05:47:16.786796Z","level":"info","event":"COPY 92/285  +50,000 rows  (cum 4,600,000)","chan":"stdout","logger":"task"}
{"timestamp":"2025-07-11T05:47:18.925725Z","level":"info","event":"COPY 93/285  +50,000 rows  (cum 4,650,000)","chan":"stdout","logger":"task"}
{"timestamp":"2025-07-11T05:47:20.784337Z","level":"info","event":"COPY 94/285  +50,000 rows  (cum 4,700,000)","chan":"stdout","logger":"task"}
{"timestamp":"2025-07-11T05:47:25.940395Z","level":"info","event":"COPY 95/285  +50,000 rows  (cum 4,750,000)","chan":"stdout","logger":"task"}
{"timestamp":"2025-07-11T05:47:28.021644Z","level":"info","event":"COPY 96/285  +50,000 rows  (cum 4,800,000)","chan":"stdout","logger":"task"}
{"timestamp":"2025-07-11T05:47:30.744343Z","level":"info","event":"COPY 97/285  +50,000 rows  (cum 4,850,000)","chan":"stdout","logger":"task"}
{"timestamp":"2025-07-11T05:47:36.121895Z","level":"info","event":"COPY 98/285  +50,000 rows  (cum 4,900,000)","chan":"stdout","logger":"task"}
{"timestamp":"2025-07-11T05:47:38.257343Z","level":"info","event":"COPY 99/285  +50,000 rows  (cum 4,950,000)","chan":"stdout","logger":"task"}
{"timestamp":"2025-07-11T05:47:40.353587Z","level":"info","event":"COPY 100/285  +50,000 rows  (cum 5,000,000)","chan":"stdout","logger":"task"}
{"timestamp":"2025-07-11T05:47:43.031401Z","level":"info","event":"COPY 101/285  +50,000 rows  (cum 5,050,000)","chan":"stdout","logger":"task"}
{"timestamp":"2025-07-11T05:47:45.822785Z","level":"info","event":"COPY 102/285  +50,000 rows  (cum 5,100,000)","chan":"stdout","logger":"task"}
{"timestamp":"2025-07-11T05:47:49.916531Z","level":"info","event":"COPY 103/285  +50,000 rows  (cum 5,150,000)","chan":"stdout","logger":"task"}
{"timestamp":"2025-07-11T05:47:54.576846Z","level":"info","event":"COPY 104/285  +50,000 rows  (cum 5,200,000)","chan":"stdout","logger":"task"}
{"timestamp":"2025-07-11T05:47:56.419012Z","level":"info","event":"COPY 105/285  +50,000 rows  (cum 5,250,000)","chan":"stdout","logger":"task"}
{"timestamp":"2025-07-11T05:47:59.153372Z","level":"info","event":"COPY 106/285  +50,000 rows  (cum 5,300,000)","chan":"stdout","logger":"task"}
{"timestamp":"2025-07-11T05:48:03.967323Z","level":"info","event":"COPY 107/285  +50,000 rows  (cum 5,350,000)","chan":"stdout","logger":"task"}
{"timestamp":"2025-07-11T05:48:06.308496Z","level":"info","event":"COPY 108/285  +50,000 rows  (cum 5,400,000)","chan":"stdout","logger":"task"}
{"timestamp":"2025-07-11T05:48:08.422185Z","level":"info","event":"COPY 109/285  +50,000 rows  (cum 5,450,000)","chan":"stdout","logger":"task"}
{"timestamp":"2025-07-11T05:48:10.572213Z","level":"info","event":"COPY 110/285  +50,000 rows  (cum 5,500,000)","chan":"stdout","logger":"task"}
{"timestamp":"2025-07-11T05:48:12.733924Z","level":"info","event":"COPY 111/285  +50,000 rows  (cum 5,550,000)","chan":"stdout","logger":"task"}
{"timestamp":"2025-07-11T05:48:14.702401Z","level":"info","event":"COPY 112/285  +50,000 rows  (cum 5,600,000)","chan":"stdout","logger":"task"}
{"timestamp":"2025-07-11T05:48:17.351947Z","level":"info","event":"COPY 113/285  +50,000 rows  (cum 5,650,000)","chan":"stdout","logger":"task"}
{"timestamp":"2025-07-11T05:48:23.011842Z","level":"info","event":"COPY 114/285  +50,000 rows  (cum 5,700,000)","chan":"stdout","logger":"task"}
{"timestamp":"2025-07-11T05:48:24.959642Z","level":"info","event":"COPY 115/285  +50,000 rows  (cum 5,750,000)","chan":"stdout","logger":"task"}
{"timestamp":"2025-07-11T05:48:27.392304Z","level":"info","event":"COPY 116/285  +50,000 rows  (cum 5,800,000)","chan":"stdout","logger":"task"}
{"timestamp":"2025-07-11T05:48:29.246464Z","level":"info","event":"COPY 117/285  +50,000 rows  (cum 5,850,000)","chan":"stdout","logger":"task"}
{"timestamp":"2025-07-11T05:48:30.961654Z","level":"info","event":"COPY 118/285  +50,000 rows  (cum 5,900,000)","chan":"stdout","logger":"task"}
{"timestamp":"2025-07-11T05:48:33.018654Z","level":"info","event":"COPY 119/285  +50,000 rows  (cum 5,950,000)","chan":"stdout","logger":"task"}
{"timestamp":"2025-07-11T05:48:35.080514Z","level":"info","event":"COPY 120/285  +50,000 rows  (cum 6,000,000)","chan":"stdout","logger":"task"}
{"timestamp":"2025-07-11T05:48:37.563779Z","level":"info","event":"COPY 121/285  +50,000 rows  (cum 6,050,000)","chan":"stdout","logger":"task"}
{"timestamp":"2025-07-11T05:48:39.572752Z","level":"info","event":"COPY 122/285  +50,000 rows  (cum 6,100,000)","chan":"stdout","logger":"task"}
{"timestamp":"2025-07-11T05:48:41.677637Z","level":"info","event":"COPY 123/285  +50,000 rows  (cum 6,150,000)","chan":"stdout","logger":"task"}
{"timestamp":"2025-07-11T05:48:43.760016Z","level":"info","event":"COPY 124/285  +50,000 rows  (cum 6,200,000)","chan":"stdout","logger":"task"}
{"timestamp":"2025-07-11T05:48:45.807833Z","level":"info","event":"COPY 125/285  +50,000 rows  (cum 6,250,000)","chan":"stdout","logger":"task"}
{"timestamp":"2025-07-11T05:48:47.753341Z","level":"info","event":"COPY 126/285  +50,000 rows  (cum 6,300,000)","chan":"stdout","logger":"task"}
{"timestamp":"2025-07-11T05:48:52.640126Z","level":"info","event":"COPY 127/285  +50,000 rows  (cum 6,350,000)","chan":"stdout","logger":"task"}
{"timestamp":"2025-07-11T05:48:54.938261Z","level":"info","event":"COPY 128/285  +50,000 rows  (cum 6,400,000)","chan":"stdout","logger":"task"}
{"timestamp":"2025-07-11T05:49:02.540155Z","level":"info","event":"COPY 129/285  +50,000 rows  (cum 6,450,000)","chan":"stdout","logger":"task"}
{"timestamp":"2025-07-11T05:49:09.192832Z","level":"info","event":"COPY 130/285  +50,000 rows  (cum 6,500,000)","chan":"stdout","logger":"task"}
{"timestamp":"2025-07-11T05:49:11.898001Z","level":"info","event":"COPY 131/285  +50,000 rows  (cum 6,550,000)","chan":"stdout","logger":"task"}
{"timestamp":"2025-07-11T05:49:14.343215Z","level":"info","event":"COPY 132/285  +50,000 rows  (cum 6,600,000)","chan":"stdout","logger":"task"}
{"timestamp":"2025-07-11T05:49:18.883782Z","level":"info","event":"COPY 133/285  +50,000 rows  (cum 6,650,000)","chan":"stdout","logger":"task"}
{"timestamp":"2025-07-11T05:49:24.099137Z","level":"info","event":"COPY 134/285  +50,000 rows  (cum 6,700,000)","chan":"stdout","logger":"task"}
{"timestamp":"2025-07-11T05:49:26.182732Z","level":"info","event":"COPY 135/285  +50,000 rows  (cum 6,750,000)","chan":"stdout","logger":"task"}
{"timestamp":"2025-07-11T05:49:28.235149Z","level":"info","event":"COPY 136/285  +50,000 rows  (cum 6,800,000)","chan":"stdout","logger":"task"}
{"timestamp":"2025-07-11T05:49:30.619065Z","level":"info","event":"COPY 137/285  +50,000 rows  (cum 6,850,000)","chan":"stdout","logger":"task"}
{"timestamp":"2025-07-11T05:49:35.244985Z","level":"info","event":"COPY 138/285  +50,000 rows  (cum 6,900,000)","chan":"stdout","logger":"task"}
{"timestamp":"2025-07-11T05:49:36.962384Z","level":"info","event":"COPY 139/285  +50,000 rows  (cum 6,950,000)","chan":"stdout","logger":"task"}
{"timestamp":"2025-07-11T05:49:38.724660Z","level":"info","event":"COPY 140/285  +50,000 rows  (cum 7,000,000)","chan":"stdout","logger":"task"}
{"timestamp":"2025-07-11T05:49:40.579960Z","level":"info","event":"COPY 141/285  +50,000 rows  (cum 7,050,000)","chan":"stdout","logger":"task"}
{"timestamp":"2025-07-11T05:49:42.300186Z","level":"info","event":"COPY 142/285  +50,000 rows  (cum 7,100,000)","chan":"stdout","logger":"task"}
{"timestamp":"2025-07-11T05:49:45.397686Z","level":"info","event":"COPY 143/285  +50,000 rows  (cum 7,150,000)","chan":"stdout","logger":"task"}
{"timestamp":"2025-07-11T05:49:49.282810Z","level":"info","event":"COPY 144/285  +50,000 rows  (cum 7,200,000)","chan":"stdout","logger":"task"}
{"timestamp":"2025-07-11T05:49:51.000960Z","level":"info","event":"COPY 145/285  +50,000 rows  (cum 7,250,000)","chan":"stdout","logger":"task"}
{"timestamp":"2025-07-11T05:49:52.872139Z","level":"info","event":"COPY 146/285  +50,000 rows  (cum 7,300,000)","chan":"stdout","logger":"task"}
{"timestamp":"2025-07-11T05:49:54.508932Z","level":"info","event":"COPY 147/285  +50,000 rows  (cum 7,350,000)","chan":"stdout","logger":"task"}
{"timestamp":"2025-07-11T05:49:56.405527Z","level":"info","event":"COPY 148/285  +50,000 rows  (cum 7,400,000)","chan":"stdout","logger":"task"}
{"timestamp":"2025-07-11T05:49:58.521347Z","level":"info","event":"COPY 149/285  +50,000 rows  (cum 7,450,000)","chan":"stdout","logger":"task"}
{"timestamp":"2025-07-11T05:50:00.401539Z","level":"info","event":"COPY 150/285  +50,000 rows  (cum 7,500,000)","chan":"stdout","logger":"task"}
{"timestamp":"2025-07-11T05:50:05.934941Z","level":"info","event":"COPY 151/285  +50,000 rows  (cum 7,550,000)","chan":"stdout","logger":"task"}
{"timestamp":"2025-07-11T05:50:07.790850Z","level":"info","event":"COPY 152/285  +50,000 rows  (cum 7,600,000)","chan":"stdout","logger":"task"}
{"timestamp":"2025-07-11T05:50:12.061429Z","level":"info","event":"COPY 153/285  +50,000 rows  (cum 7,650,000)","chan":"stdout","logger":"task"}
{"timestamp":"2025-07-11T05:50:14.181203Z","level":"info","event":"COPY 154/285  +50,000 rows  (cum 7,700,000)","chan":"stdout","logger":"task"}
{"timestamp":"2025-07-11T05:50:18.609584Z","level":"info","event":"COPY 155/285  +50,000 rows  (cum 7,750,000)","chan":"stdout","logger":"task"}
{"timestamp":"2025-07-11T05:50:22.914663Z","level":"info","event":"COPY 156/285  +50,000 rows  (cum 7,800,000)","chan":"stdout","logger":"task"}
{"timestamp":"2025-07-11T05:50:25.003396Z","level":"info","event":"COPY 157/285  +50,000 rows  (cum 7,850,000)","chan":"stdout","logger":"task"}
{"timestamp":"2025-07-11T05:50:26.916977Z","level":"info","event":"COPY 158/285  +50,000 rows  (cum 7,900,000)","chan":"stdout","logger":"task"}
{"timestamp":"2025-07-11T05:50:28.723764Z","level":"info","event":"COPY 159/285  +50,000 rows  (cum 7,950,000)","chan":"stdout","logger":"task"}
{"timestamp":"2025-07-11T05:50:33.160381Z","level":"info","event":"COPY 160/285  +50,000 rows  (cum 8,000,000)","chan":"stdout","logger":"task"}
{"timestamp":"2025-07-11T05:50:36.319308Z","level":"info","event":"COPY 161/285  +50,000 rows  (cum 8,050,000)","chan":"stdout","logger":"task"}
{"timestamp":"2025-07-11T05:50:41.341213Z","level":"info","event":"COPY 162/285  +50,000 rows  (cum 8,100,000)","chan":"stdout","logger":"task"}
{"timestamp":"2025-07-11T05:50:44.054934Z","level":"info","event":"COPY 163/285  +50,000 rows  (cum 8,150,000)","chan":"stdout","logger":"task"}
{"timestamp":"2025-07-11T05:50:47.100910Z","level":"info","event":"COPY 164/285  +50,000 rows  (cum 8,200,000)","chan":"stdout","logger":"task"}
{"timestamp":"2025-07-11T05:50:50.315293Z","level":"info","event":"COPY 165/285  +50,000 rows  (cum 8,250,000)","chan":"stdout","logger":"task"}
{"timestamp":"2025-07-11T05:50:53.082303Z","level":"info","event":"COPY 166/285  +50,000 rows  (cum 8,300,000)","chan":"stdout","logger":"task"}
{"timestamp":"2025-07-11T05:50:55.309049Z","level":"info","event":"COPY 167/285  +50,000 rows  (cum 8,350,000)","chan":"stdout","logger":"task"}
{"timestamp":"2025-07-11T05:50:57.313394Z","level":"info","event":"COPY 168/285  +50,000 rows  (cum 8,400,000)","chan":"stdout","logger":"task"}
{"timestamp":"2025-07-11T05:50:59.178347Z","level":"info","event":"COPY 169/285  +50,000 rows  (cum 8,450,000)","chan":"stdout","logger":"task"}
{"timestamp":"2025-07-11T05:51:01.419545Z","level":"info","event":"COPY 170/285  +50,000 rows  (cum 8,500,000)","chan":"stdout","logger":"task"}
{"timestamp":"2025-07-11T05:51:04.928560Z","level":"info","event":"COPY 171/285  +50,000 rows  (cum 8,550,000)","chan":"stdout","logger":"task"}
{"timestamp":"2025-07-11T05:51:07.470273Z","level":"info","event":"COPY 172/285  +50,000 rows  (cum 8,600,000)","chan":"stdout","logger":"task"}
{"timestamp":"2025-07-11T05:51:09.609398Z","level":"info","event":"COPY 173/285  +50,000 rows  (cum 8,650,000)","chan":"stdout","logger":"task"}
{"timestamp":"2025-07-11T05:51:11.667164Z","level":"info","event":"COPY 174/285  +50,000 rows  (cum 8,700,000)","chan":"stdout","logger":"task"}
{"timestamp":"2025-07-11T05:51:13.670925Z","level":"info","event":"COPY 175/285  +50,000 rows  (cum 8,750,000)","chan":"stdout","logger":"task"}
{"timestamp":"2025-07-11T05:51:15.572329Z","level":"info","event":"COPY 176/285  +50,000 rows  (cum 8,800,000)","chan":"stdout","logger":"task"}
{"timestamp":"2025-07-11T05:51:17.954698Z","level":"info","event":"COPY 177/285  +50,000 rows  (cum 8,850,000)","chan":"stdout","logger":"task"}
{"timestamp":"2025-07-11T05:51:21.000302Z","level":"info","event":"COPY 178/285  +50,000 rows  (cum 8,900,000)","chan":"stdout","logger":"task"}
{"timestamp":"2025-07-11T05:51:25.537134Z","level":"info","event":"COPY 179/285  +50,000 rows  (cum 8,950,000)","chan":"stdout","logger":"task"}
{"timestamp":"2025-07-11T05:51:31.197261Z","level":"info","event":"COPY 180/285  +50,000 rows  (cum 9,000,000)","chan":"stdout","logger":"task"}
{"timestamp":"2025-07-11T05:51:34.509943Z","level":"info","event":"COPY 181/285  +50,000 rows  (cum 9,050,000)","chan":"stdout","logger":"task"}
{"timestamp":"2025-07-11T05:51:36.726532Z","level":"info","event":"COPY 182/285  +50,000 rows  (cum 9,100,000)","chan":"stdout","logger":"task"}
{"timestamp":"2025-07-11T05:51:38.955591Z","level":"info","event":"COPY 183/285  +50,000 rows  (cum 9,150,000)","chan":"stdout","logger":"task"}
{"timestamp":"2025-07-11T05:51:41.114875Z","level":"info","event":"COPY 184/285  +50,000 rows  (cum 9,200,000)","chan":"stdout","logger":"task"}
{"timestamp":"2025-07-11T05:51:44.808666Z","level":"info","event":"COPY 185/285  +50,000 rows  (cum 9,250,000)","chan":"stdout","logger":"task"}
{"timestamp":"2025-07-11T05:51:50.084052Z","level":"info","event":"COPY 186/285  +50,000 rows  (cum 9,300,000)","chan":"stdout","logger":"task"}
{"timestamp":"2025-07-11T05:51:52.740435Z","level":"info","event":"COPY 187/285  +50,000 rows  (cum 9,350,000)","chan":"stdout","logger":"task"}
{"timestamp":"2025-07-11T05:51:54.841526Z","level":"info","event":"COPY 188/285  +50,000 rows  (cum 9,400,000)","chan":"stdout","logger":"task"}
{"timestamp":"2025-07-11T05:51:56.890046Z","level":"info","event":"COPY 189/285  +50,000 rows  (cum 9,450,000)","chan":"stdout","logger":"task"}
{"timestamp":"2025-07-11T05:51:59.083600Z","level":"info","event":"COPY 190/285  +50,000 rows  (cum 9,500,000)","chan":"stdout","logger":"task"}
{"timestamp":"2025-07-11T05:52:01.071116Z","level":"info","event":"COPY 191/285  +50,000 rows  (cum 9,550,000)","chan":"stdout","logger":"task"}
{"timestamp":"2025-07-11T05:52:02.978467Z","level":"info","event":"COPY 192/285  +50,000 rows  (cum 9,600,000)","chan":"stdout","logger":"task"}
{"timestamp":"2025-07-11T05:52:05.062288Z","level":"info","event":"COPY 193/285  +50,000 rows  (cum 9,650,000)","chan":"stdout","logger":"task"}
{"timestamp":"2025-07-11T05:52:06.953814Z","level":"info","event":"COPY 194/285  +50,000 rows  (cum 9,700,000)","chan":"stdout","logger":"task"}
{"timestamp":"2025-07-11T05:52:09.009915Z","level":"info","event":"COPY 195/285  +50,000 rows  (cum 9,750,000)","chan":"stdout","logger":"task"}
{"timestamp":"2025-07-11T05:52:11.052116Z","level":"info","event":"COPY 196/285  +50,000 rows  (cum 9,800,000)","chan":"stdout","logger":"task"}
{"timestamp":"2025-07-11T05:52:13.275339Z","level":"info","event":"COPY 197/285  +50,000 rows  (cum 9,850,000)","chan":"stdout","logger":"task"}
{"timestamp":"2025-07-11T05:52:15.114692Z","level":"info","event":"COPY 198/285  +50,000 rows  (cum 9,900,000)","chan":"stdout","logger":"task"}
{"timestamp":"2025-07-11T05:52:17.451314Z","level":"info","event":"COPY 199/285  +50,000 rows  (cum 9,950,000)","chan":"stdout","logger":"task"}
{"timestamp":"2025-07-11T05:52:19.775477Z","level":"info","event":"COPY 200/285  +50,000 rows  (cum 10,000,000)","chan":"stdout","logger":"task"}
{"timestamp":"2025-07-11T05:52:22.156083Z","level":"info","event":"COPY 201/285  +50,000 rows  (cum 10,050,000)","chan":"stdout","logger":"task"}
{"timestamp":"2025-07-11T05:52:24.529996Z","level":"info","event":"COPY 202/285  +50,000 rows  (cum 10,100,000)","chan":"stdout","logger":"task"}
{"timestamp":"2025-07-11T05:52:30.040940Z","level":"info","event":"COPY 203/285  +50,000 rows  (cum 10,150,000)","chan":"stdout","logger":"task"}
{"timestamp":"2025-07-11T05:52:32.124432Z","level":"info","event":"COPY 204/285  +50,000 rows  (cum 10,200,000)","chan":"stdout","logger":"task"}
{"timestamp":"2025-07-11T05:52:34.348968Z","level":"info","event":"COPY 205/285  +50,000 rows  (cum 10,250,000)","chan":"stdout","logger":"task"}
{"timestamp":"2025-07-11T05:52:36.788301Z","level":"info","event":"COPY 206/285  +50,000 rows  (cum 10,300,000)","chan":"stdout","logger":"task"}
{"timestamp":"2025-07-11T05:52:38.927342Z","level":"info","event":"COPY 207/285  +50,000 rows  (cum 10,350,000)","chan":"stdout","logger":"task"}
{"timestamp":"2025-07-11T05:52:41.216740Z","level":"info","event":"COPY 208/285  +50,000 rows  (cum 10,400,000)","chan":"stdout","logger":"task"}
{"timestamp":"2025-07-11T05:52:43.404374Z","level":"info","event":"COPY 209/285  +50,000 rows  (cum 10,450,000)","chan":"stdout","logger":"task"}
{"timestamp":"2025-07-11T05:52:45.822669Z","level":"info","event":"COPY 210/285  +50,000 rows  (cum 10,500,000)","chan":"stdout","logger":"task"}
{"timestamp":"2025-07-11T05:52:48.092191Z","level":"info","event":"COPY 211/285  +50,000 rows  (cum 10,550,000)","chan":"stdout","logger":"task"}
{"timestamp":"2025-07-11T05:52:50.439666Z","level":"info","event":"COPY 212/285  +50,000 rows  (cum 10,600,000)","chan":"stdout","logger":"task"}
{"timestamp":"2025-07-11T05:52:52.550466Z","level":"info","event":"COPY 213/285  +50,000 rows  (cum 10,650,000)","chan":"stdout","logger":"task"}
{"timestamp":"2025-07-11T05:52:54.458957Z","level":"info","event":"COPY 214/285  +50,000 rows  (cum 10,700,000)","chan":"stdout","logger":"task"}
{"timestamp":"2025-07-11T05:52:57.839386Z","level":"info","event":"COPY 215/285  +50,000 rows  (cum 10,750,000)","chan":"stdout","logger":"task"}
{"timestamp":"2025-07-11T05:53:02.104217Z","level":"info","event":"COPY 216/285  +50,000 rows  (cum 10,800,000)","chan":"stdout","logger":"task"}
{"timestamp":"2025-07-11T05:53:04.323678Z","level":"info","event":"COPY 217/285  +50,000 rows  (cum 10,850,000)","chan":"stdout","logger":"task"}
{"timestamp":"2025-07-11T05:53:09.272038Z","level":"info","event":"COPY 218/285  +50,000 rows  (cum 10,900,000)","chan":"stdout","logger":"task"}
{"timestamp":"2025-07-11T05:53:11.128055Z","level":"info","event":"COPY 219/285  +50,000 rows  (cum 10,950,000)","chan":"stdout","logger":"task"}
{"timestamp":"2025-07-11T05:53:12.837001Z","level":"info","event":"COPY 220/285  +50,000 rows  (cum 11,000,000)","chan":"stdout","logger":"task"}
{"timestamp":"2025-07-11T05:53:14.672132Z","level":"info","event":"COPY 221/285  +50,000 rows  (cum 11,050,000)","chan":"stdout","logger":"task"}
{"timestamp":"2025-07-11T05:53:16.596960Z","level":"info","event":"COPY 222/285  +50,000 rows  (cum 11,100,000)","chan":"stdout","logger":"task"}
{"timestamp":"2025-07-11T05:53:18.955912Z","level":"info","event":"COPY 223/285  +50,000 rows  (cum 11,150,000)","chan":"stdout","logger":"task"}
{"timestamp":"2025-07-11T05:53:21.659930Z","level":"info","event":"COPY 224/285  +50,000 rows  (cum 11,200,000)","chan":"stdout","logger":"task"}
{"timestamp":"2025-07-11T05:53:23.531859Z","level":"info","event":"COPY 225/285  +50,000 rows  (cum 11,250,000)","chan":"stdout","logger":"task"}
{"timestamp":"2025-07-11T05:53:25.728651Z","level":"info","event":"COPY 226/285  +50,000 rows  (cum 11,300,000)","chan":"stdout","logger":"task"}
{"timestamp":"2025-07-11T05:53:27.679257Z","level":"info","event":"COPY 227/285  +50,000 rows  (cum 11,350,000)","chan":"stdout","logger":"task"}
{"timestamp":"2025-07-11T05:53:32.621163Z","level":"info","event":"COPY 228/285  +50,000 rows  (cum 11,400,000)","chan":"stdout","logger":"task"}
{"timestamp":"2025-07-11T05:53:34.915255Z","level":"info","event":"COPY 229/285  +50,000 rows  (cum 11,450,000)","chan":"stdout","logger":"task"}
{"timestamp":"2025-07-11T05:53:37.964926Z","level":"info","event":"COPY 230/285  +50,000 rows  (cum 11,500,000)","chan":"stdout","logger":"task"}
{"timestamp":"2025-07-11T05:53:39.736993Z","level":"info","event":"COPY 231/285  +50,000 rows  (cum 11,550,000)","chan":"stdout","logger":"task"}
{"timestamp":"2025-07-11T05:53:42.187020Z","level":"info","event":"COPY 232/285  +50,000 rows  (cum 11,600,000)","chan":"stdout","logger":"task"}
{"timestamp":"2025-07-11T05:53:45.002139Z","level":"info","event":"COPY 233/285  +50,000 rows  (cum 11,650,000)","chan":"stdout","logger":"task"}
{"timestamp":"2025-07-11T05:53:48.475297Z","level":"info","event":"COPY 234/285  +50,000 rows  (cum 11,700,000)","chan":"stdout","logger":"task"}
{"timestamp":"2025-07-11T05:53:50.350567Z","level":"info","event":"COPY 235/285  +50,000 rows  (cum 11,750,000)","chan":"stdout","logger":"task"}
{"timestamp":"2025-07-11T05:53:52.727174Z","level":"info","event":"COPY 236/285  +50,000 rows  (cum 11,800,000)","chan":"stdout","logger":"task"}
{"timestamp":"2025-07-11T05:53:54.669339Z","level":"info","event":"COPY 237/285  +50,000 rows  (cum 11,850,000)","chan":"stdout","logger":"task"}
{"timestamp":"2025-07-11T05:53:56.719095Z","level":"info","event":"COPY 238/285  +50,000 rows  (cum 11,900,000)","chan":"stdout","logger":"task"}
{"timestamp":"2025-07-11T05:53:59.162909Z","level":"info","event":"COPY 239/285  +50,000 rows  (cum 11,950,000)","chan":"stdout","logger":"task"}
{"timestamp":"2025-07-11T05:54:01.502207Z","level":"info","event":"COPY 240/285  +50,000 rows  (cum 12,000,000)","chan":"stdout","logger":"task"}
{"timestamp":"2025-07-11T05:54:03.943626Z","level":"info","event":"COPY 241/285  +50,000 rows  (cum 12,050,000)","chan":"stdout","logger":"task"}
{"timestamp":"2025-07-11T05:54:06.124305Z","level":"info","event":"COPY 242/285  +50,000 rows  (cum 12,100,000)","chan":"stdout","logger":"task"}
{"timestamp":"2025-07-11T05:54:08.460480Z","level":"info","event":"COPY 243/285  +50,000 rows  (cum 12,150,000)","chan":"stdout","logger":"task"}
{"timestamp":"2025-07-11T05:54:11.180435Z","level":"info","event":"COPY 244/285  +50,000 rows  (cum 12,200,000)","chan":"stdout","logger":"task"}
{"timestamp":"2025-07-11T05:54:13.716395Z","level":"info","event":"COPY 245/285  +50,000 rows  (cum 12,250,000)","chan":"stdout","logger":"task"}
{"timestamp":"2025-07-11T05:54:15.962561Z","level":"info","event":"COPY 246/285  +50,000 rows  (cum 12,300,000)","chan":"stdout","logger":"task"}
{"timestamp":"2025-07-11T05:54:18.189815Z","level":"info","event":"COPY 247/285  +50,000 rows  (cum 12,350,000)","chan":"stdout","logger":"task"}
{"timestamp":"2025-07-11T05:54:20.325328Z","level":"info","event":"COPY 248/285  +50,000 rows  (cum 12,400,000)","chan":"stdout","logger":"task"}
{"timestamp":"2025-07-11T05:54:22.501964Z","level":"info","event":"COPY 249/285  +50,000 rows  (cum 12,450,000)","chan":"stdout","logger":"task"}
{"timestamp":"2025-07-11T05:54:24.602269Z","level":"info","event":"COPY 250/285  +50,000 rows  (cum 12,500,000)","chan":"stdout","logger":"task"}
{"timestamp":"2025-07-11T05:54:27.227210Z","level":"info","event":"COPY 251/285  +50,000 rows  (cum 12,550,000)","chan":"stdout","logger":"task"}
{"timestamp":"2025-07-11T05:54:30.371005Z","level":"info","event":"COPY 252/285  +50,000 rows  (cum 12,600,000)","chan":"stdout","logger":"task"}
{"timestamp":"2025-07-11T05:54:32.602225Z","level":"info","event":"COPY 253/285  +50,000 rows  (cum 12,650,000)","chan":"stdout","logger":"task"}
{"timestamp":"2025-07-11T05:54:34.444370Z","level":"info","event":"COPY 254/285  +50,000 rows  (cum 12,700,000)","chan":"stdout","logger":"task"}
{"timestamp":"2025-07-11T05:54:36.408827Z","level":"info","event":"COPY 255/285  +50,000 rows  (cum 12,750,000)","chan":"stdout","logger":"task"}
{"timestamp":"2025-07-11T05:54:38.683845Z","level":"info","event":"COPY 256/285  +50,000 rows  (cum 12,800,000)","chan":"stdout","logger":"task"}
{"timestamp":"2025-07-11T05:54:40.889416Z","level":"info","event":"COPY 257/285  +50,000 rows  (cum 12,850,000)","chan":"stdout","logger":"task"}
{"timestamp":"2025-07-11T05:54:43.072510Z","level":"info","event":"COPY 258/285  +50,000 rows  (cum 12,900,000)","chan":"stdout","logger":"task"}
{"timestamp":"2025-07-11T05:54:48.935622Z","level":"info","event":"COPY 259/285  +50,000 rows  (cum 12,950,000)","chan":"stdout","logger":"task"}
{"timestamp":"2025-07-11T05:54:51.080771Z","level":"info","event":"COPY 260/285  +50,000 rows  (cum 13,000,000)","chan":"stdout","logger":"task"}
{"timestamp":"2025-07-11T05:54:53.319806Z","level":"info","event":"COPY 261/285  +50,000 rows  (cum 13,050,000)","chan":"stdout","logger":"task"}
{"timestamp":"2025-07-11T05:54:55.616093Z","level":"info","event":"COPY 262/285  +50,000 rows  (cum 13,100,000)","chan":"stdout","logger":"task"}
{"timestamp":"2025-07-11T05:54:57.567380Z","level":"info","event":"COPY 263/285  +50,000 rows  (cum 13,150,000)","chan":"stdout","logger":"task"}
{"timestamp":"2025-07-11T05:55:00.099055Z","level":"info","event":"COPY 264/285  +50,000 rows  (cum 13,200,000)","chan":"stdout","logger":"task"}
{"timestamp":"2025-07-11T05:55:02.450478Z","level":"info","event":"COPY 265/285  +50,000 rows  (cum 13,250,000)","chan":"stdout","logger":"task"}
{"timestamp":"2025-07-11T05:55:04.528585Z","level":"info","event":"COPY 266/285  +50,000 rows  (cum 13,300,000)","chan":"stdout","logger":"task"}
{"timestamp":"2025-07-11T05:55:06.743873Z","level":"info","event":"COPY 267/285  +50,000 rows  (cum 13,350,000)","chan":"stdout","logger":"task"}
{"timestamp":"2025-07-11T05:55:08.934712Z","level":"info","event":"COPY 268/285  +50,000 rows  (cum 13,400,000)","chan":"stdout","logger":"task"}
{"timestamp":"2025-07-11T05:55:10.897159Z","level":"info","event":"COPY 269/285  +50,000 rows  (cum 13,450,000)","chan":"stdout","logger":"task"}
{"timestamp":"2025-07-11T05:55:15.568756Z","level":"info","event":"COPY 270/285  +50,000 rows  (cum 13,500,000)","chan":"stdout","logger":"task"}
{"timestamp":"2025-07-11T05:55:18.217188Z","level":"info","event":"COPY 271/285  +50,000 rows  (cum 13,550,000)","chan":"stdout","logger":"task"}
{"timestamp":"2025-07-11T05:55:23.774387Z","level":"info","event":"COPY 272/285  +50,000 rows  (cum 13,600,000)","chan":"stdout","logger":"task"}
{"timestamp":"2025-07-11T05:55:26.055978Z","level":"info","event":"COPY 273/285  +50,000 rows  (cum 13,650,000)","chan":"stdout","logger":"task"}
{"timestamp":"2025-07-11T05:55:28.340009Z","level":"info","event":"COPY 274/285  +50,000 rows  (cum 13,700,000)","chan":"stdout","logger":"task"}
{"timestamp":"2025-07-11T05:55:30.359527Z","level":"info","event":"COPY 275/285  +50,000 rows  (cum 13,750,000)","chan":"stdout","logger":"task"}
{"timestamp":"2025-07-11T05:55:32.690380Z","level":"info","event":"COPY 276/285  +50,000 rows  (cum 13,800,000)","chan":"stdout","logger":"task"}
{"timestamp":"2025-07-11T05:55:35.284555Z","level":"info","event":"COPY 277/285  +50,000 rows  (cum 13,850,000)","chan":"stdout","logger":"task"}
{"timestamp":"2025-07-11T05:55:37.332884Z","level":"info","event":"COPY 278/285  +50,000 rows  (cum 13,900,000)","chan":"stdout","logger":"task"}
{"timestamp":"2025-07-11T05:55:39.507572Z","level":"info","event":"COPY 279/285  +50,000 rows  (cum 13,950,000)","chan":"stdout","logger":"task"}
{"timestamp":"2025-07-11T05:55:41.759073Z","level":"info","event":"COPY 280/285  +50,000 rows  (cum 14,000,000)","chan":"stdout","logger":"task"}
{"timestamp":"2025-07-11T05:55:47.343546Z","level":"info","event":"COPY 281/285  +50,000 rows  (cum 14,050,000)","chan":"stdout","logger":"task"}
{"timestamp":"2025-07-11T05:55:53.219190Z","level":"info","event":"COPY 282/285  +50,000 rows  (cum 14,100,000)","chan":"stdout","logger":"task"}
{"timestamp":"2025-07-11T05:55:56.293664Z","level":"info","event":"COPY 283/285  +50,000 rows  (cum 14,150,000)","chan":"stdout","logger":"task"}
{"timestamp":"2025-07-11T05:55:58.661990Z","level":"info","event":"COPY 284/285  +50,000 rows  (cum 14,200,000)","chan":"stdout","logger":"task"}
{"timestamp":"2025-07-11T05:56:00.589938Z","level":"info","event":"COPY 285/285  +45,703 rows  (cum 14,245,703)","chan":"stdout","logger":"task"}
{"timestamp":"2025-07-11T05:56:00.665489Z","level":"info","event":"✔ loaded 14,245,703 rows in 749.9s","chan":"stdout","logger":"task"}
{"timestamp":"2025-07-11T05:56:00.667741","level":"info","event":"Done. Returned value was: None","logger":"airflow.task.operators.airflow.providers.standard.operators.python.PythonOperator"}
